2018-10-19 21:22:13,026 WARN  [main] util.NativeCodeLoader (NativeCodeLoader.java:<clinit>(62)) - Unable to load native-hadoop library for your platform... using builtin-java classes where applicable
2018-10-19 21:22:13,279 INFO  [main] Configuration.deprecation (Configuration.java:warnOnceIfDeprecated(1049)) - session.id is deprecated. Instead, use dfs.metrics.session-id
2018-10-19 21:22:13,280 INFO  [main] jvm.JvmMetrics (JvmMetrics.java:init(76)) - Initializing JVM Metrics with processName=JobTracker, sessionId=
2018-10-19 21:22:13,658 WARN  [main] mapreduce.JobSubmitter (JobSubmitter.java:copyAndConfigureFiles(153)) - Hadoop command-line option parsing not performed. Implement the Tool interface and execute your application with ToolRunner to remedy this.
2018-10-19 21:22:13,709 INFO  [main] input.FileInputFormat (FileInputFormat.java:listStatus(281)) - Total input paths to process : 1
2018-10-19 21:22:13,748 INFO  [main] mapreduce.JobSubmitter (JobSubmitter.java:submitJobInternal(494)) - number of splits:1
2018-10-19 21:22:13,889 INFO  [main] mapreduce.JobSubmitter (JobSubmitter.java:printTokens(583)) - Submitting tokens for job: job_local1510777877_0001
2018-10-19 21:22:14,311 INFO  [main] mapreduce.Job (Job.java:submit(1300)) - The url to track the job: http://localhost:8080/
2018-10-19 21:22:14,313 INFO  [main] mapreduce.Job (Job.java:monitorAndPrintJob(1345)) - Running job: job_local1510777877_0001
2018-10-19 21:22:14,316 INFO  [Thread-13] mapred.LocalJobRunner (LocalJobRunner.java:createOutputCommitter(471)) - OutputCommitter set in config null
2018-10-19 21:22:14,331 INFO  [Thread-13] mapred.LocalJobRunner (LocalJobRunner.java:createOutputCommitter(489)) - OutputCommitter is org.apache.hadoop.mapreduce.lib.output.FileOutputCommitter
2018-10-19 21:22:14,454 INFO  [Thread-13] mapred.LocalJobRunner (LocalJobRunner.java:runTasks(448)) - Waiting for map tasks
2018-10-19 21:22:14,455 INFO  [LocalJobRunner Map Task Executor #0] mapred.LocalJobRunner (LocalJobRunner.java:run(224)) - Starting task: attempt_local1510777877_0001_m_000000_0
2018-10-19 21:22:14,592 INFO  [LocalJobRunner Map Task Executor #0] mapred.Task (Task.java:initialize(587)) -  Using ResourceCalculatorProcessTree : [ ]
2018-10-19 21:22:14,594 INFO  [LocalJobRunner Map Task Executor #0] mapred.MapTask (MapTask.java:runNewMapper(753)) - Processing split: file:/home/sivakuma/project3/small-graph.txt:0+3541
2018-10-19 21:22:14,658 INFO  [LocalJobRunner Map Task Executor #0] mapred.LocalJobRunner (LocalJobRunner.java:statusUpdate(591)) - 
2018-10-19 21:22:14,682 INFO  [LocalJobRunner Map Task Executor #0] mapred.Task (Task.java:done(1001)) - Task:attempt_local1510777877_0001_m_000000_0 is done. And is in the process of committing
2018-10-19 21:22:14,689 INFO  [LocalJobRunner Map Task Executor #0] mapred.LocalJobRunner (LocalJobRunner.java:statusUpdate(591)) - 
2018-10-19 21:22:14,689 INFO  [LocalJobRunner Map Task Executor #0] mapred.Task (Task.java:commit(1162)) - Task attempt_local1510777877_0001_m_000000_0 is allowed to commit now
2018-10-19 21:22:14,702 INFO  [LocalJobRunner Map Task Executor #0] output.FileOutputCommitter (FileOutputCommitter.java:commitTask(439)) - Saved output of task 'attempt_local1510777877_0001_m_000000_0' to file:/home/sivakuma/project3/intermediate/i0/_temporary/0/task_local1510777877_0001_m_000000
2018-10-19 21:22:14,703 INFO  [LocalJobRunner Map Task Executor #0] mapred.LocalJobRunner (LocalJobRunner.java:statusUpdate(591)) - map
2018-10-19 21:22:14,703 INFO  [LocalJobRunner Map Task Executor #0] mapred.Task (Task.java:sendDone(1121)) - Task 'attempt_local1510777877_0001_m_000000_0' done.
2018-10-19 21:22:14,704 INFO  [LocalJobRunner Map Task Executor #0] mapred.LocalJobRunner (LocalJobRunner.java:run(249)) - Finishing task: attempt_local1510777877_0001_m_000000_0
2018-10-19 21:22:14,704 INFO  [Thread-13] mapred.LocalJobRunner (LocalJobRunner.java:runTasks(456)) - map task executor complete.
2018-10-19 21:22:15,315 INFO  [main] mapreduce.Job (Job.java:monitorAndPrintJob(1366)) - Job job_local1510777877_0001 running in uber mode : false
2018-10-19 21:22:15,316 INFO  [main] mapreduce.Job (Job.java:monitorAndPrintJob(1373)) -  map 100% reduce 0%
2018-10-19 21:22:15,318 INFO  [main] mapreduce.Job (Job.java:monitorAndPrintJob(1384)) - Job job_local1510777877_0001 completed successfully
2018-10-19 21:22:15,333 INFO  [main] mapreduce.Job (Job.java:monitorAndPrintJob(1391)) - Counters: 18
	File System Counters
		FILE: Number of bytes read=11351
		FILE: Number of bytes written=263205
		FILE: Number of read operations=0
		FILE: Number of large read operations=0
		FILE: Number of write operations=0
	Map-Reduce Framework
		Map input records=64
		Map output records=0
		Input split bytes=109
		Spilled Records=0
		Failed Shuffles=0
		Merged Map outputs=0
		GC time elapsed (ms)=0
		CPU time spent (ms)=0
		Physical memory (bytes) snapshot=0
		Virtual memory (bytes) snapshot=0
		Total committed heap usage (bytes)=1005060096
	File Input Format Counters 
		Bytes Read=3541
	File Output Format Counters 
		Bytes Written=79
2018-10-19 21:22:15,373 INFO  [main] jvm.JvmMetrics (JvmMetrics.java:init(71)) - Cannot initialize JVM Metrics with processName=JobTracker, sessionId= - already initialized
2018-10-19 21:22:15,387 WARN  [main] mapreduce.JobSubmitter (JobSubmitter.java:copyAndConfigureFiles(153)) - Hadoop command-line option parsing not performed. Implement the Tool interface and execute your application with ToolRunner to remedy this.
2018-10-19 21:22:15,428 INFO  [main] input.FileInputFormat (FileInputFormat.java:listStatus(281)) - Total input paths to process : 1
2018-10-19 21:22:15,444 INFO  [main] mapreduce.JobSubmitter (JobSubmitter.java:submitJobInternal(494)) - number of splits:1
2018-10-19 21:22:15,628 INFO  [main] mapreduce.JobSubmitter (JobSubmitter.java:printTokens(583)) - Submitting tokens for job: job_local1918659455_0002
2018-10-19 21:22:15,791 INFO  [main] mapreduce.Job (Job.java:submit(1300)) - The url to track the job: http://localhost:8080/
2018-10-19 21:22:15,792 INFO  [main] mapreduce.Job (Job.java:monitorAndPrintJob(1345)) - Running job: job_local1918659455_0002
2018-10-19 21:22:15,793 INFO  [Thread-31] mapred.LocalJobRunner (LocalJobRunner.java:createOutputCommitter(471)) - OutputCommitter set in config null
2018-10-19 21:22:15,793 INFO  [Thread-31] mapred.LocalJobRunner (LocalJobRunner.java:createOutputCommitter(489)) - OutputCommitter is org.apache.hadoop.mapreduce.lib.output.FileOutputCommitter
2018-10-19 21:22:15,816 INFO  [Thread-31] mapred.LocalJobRunner (LocalJobRunner.java:runTasks(448)) - Waiting for map tasks
2018-10-19 21:22:15,817 INFO  [LocalJobRunner Map Task Executor #0] mapred.LocalJobRunner (LocalJobRunner.java:run(224)) - Starting task: attempt_local1918659455_0002_m_000000_0
2018-10-19 21:22:15,830 INFO  [LocalJobRunner Map Task Executor #0] mapred.Task (Task.java:initialize(587)) -  Using ResourceCalculatorProcessTree : [ ]
2018-10-19 21:22:15,831 INFO  [LocalJobRunner Map Task Executor #0] mapred.MapTask (MapTask.java:runNewMapper(753)) - Processing split: file:/home/sivakuma/project3/intermediate/i0/part-m-00000:0+67
2018-10-19 21:22:15,872 INFO  [LocalJobRunner Map Task Executor #0] mapred.MapTask (MapTask.java:setEquator(1202)) - (EQUATOR) 0 kvi 26214396(104857584)
2018-10-19 21:22:15,872 INFO  [LocalJobRunner Map Task Executor #0] mapred.MapTask (MapTask.java:init(995)) - mapreduce.task.io.sort.mb: 100
2018-10-19 21:22:15,872 INFO  [LocalJobRunner Map Task Executor #0] mapred.MapTask (MapTask.java:init(996)) - soft limit at 83886080
2018-10-19 21:22:15,872 INFO  [LocalJobRunner Map Task Executor #0] mapred.MapTask (MapTask.java:init(997)) - bufstart = 0; bufvoid = 104857600
2018-10-19 21:22:15,872 INFO  [LocalJobRunner Map Task Executor #0] mapred.MapTask (MapTask.java:init(998)) - kvstart = 26214396; length = 6553600
2018-10-19 21:22:15,885 INFO  [LocalJobRunner Map Task Executor #0] mapred.MapTask (MapTask.java:createSortingCollector(402)) - Map output collector class = org.apache.hadoop.mapred.MapTask$MapOutputBuffer
2018-10-19 21:22:15,909 INFO  [LocalJobRunner Map Task Executor #0] mapred.LocalJobRunner (LocalJobRunner.java:statusUpdate(591)) - 
2018-10-19 21:22:15,909 INFO  [LocalJobRunner Map Task Executor #0] mapred.MapTask (MapTask.java:flush(1457)) - Starting flush of map output
2018-10-19 21:22:15,915 INFO  [LocalJobRunner Map Task Executor #0] mapred.Task (Task.java:done(1001)) - Task:attempt_local1918659455_0002_m_000000_0 is done. And is in the process of committing
2018-10-19 21:22:15,927 INFO  [LocalJobRunner Map Task Executor #0] mapred.LocalJobRunner (LocalJobRunner.java:statusUpdate(591)) - map
2018-10-19 21:22:15,927 INFO  [LocalJobRunner Map Task Executor #0] mapred.Task (Task.java:sendDone(1121)) - Task 'attempt_local1918659455_0002_m_000000_0' done.
2018-10-19 21:22:15,927 INFO  [LocalJobRunner Map Task Executor #0] mapred.LocalJobRunner (LocalJobRunner.java:run(249)) - Finishing task: attempt_local1918659455_0002_m_000000_0
2018-10-19 21:22:15,929 INFO  [Thread-31] mapred.LocalJobRunner (LocalJobRunner.java:runTasks(456)) - map task executor complete.
2018-10-19 21:22:15,940 INFO  [Thread-31] mapred.LocalJobRunner (LocalJobRunner.java:runTasks(448)) - Waiting for reduce tasks
2018-10-19 21:22:15,947 INFO  [pool-5-thread-1] mapred.LocalJobRunner (LocalJobRunner.java:run(302)) - Starting task: attempt_local1918659455_0002_r_000000_0
2018-10-19 21:22:15,955 INFO  [pool-5-thread-1] mapred.Task (Task.java:initialize(587)) -  Using ResourceCalculatorProcessTree : [ ]
2018-10-19 21:22:15,957 INFO  [pool-5-thread-1] mapred.ReduceTask (ReduceTask.java:run(362)) - Using ShuffleConsumerPlugin: org.apache.hadoop.mapreduce.task.reduce.Shuffle@79919a3c
2018-10-19 21:22:15,975 INFO  [pool-5-thread-1] reduce.MergeManagerImpl (MergeManagerImpl.java:<init>(196)) - MergerManager: memoryLimit=703542080, maxSingleShuffleLimit=175885520, mergeThreshold=464337792, ioSortFactor=10, memToMemMergeOutputsThreshold=10
2018-10-19 21:22:15,989 INFO  [EventFetcher for fetching Map Completion Events] reduce.EventFetcher (EventFetcher.java:run(61)) - attempt_local1918659455_0002_r_000000_0 Thread started: EventFetcher for fetching Map Completion Events
2018-10-19 21:22:16,055 INFO  [localfetcher#1] reduce.LocalFetcher (LocalFetcher.java:copyMapOutput(141)) - localfetcher#1 about to shuffle output of map attempt_local1918659455_0002_m_000000_0 decomp: 2 len: 6 to MEMORY
2018-10-19 21:22:16,058 INFO  [localfetcher#1] reduce.InMemoryMapOutput (InMemoryMapOutput.java:shuffle(100)) - Read 2 bytes from map-output for attempt_local1918659455_0002_m_000000_0
2018-10-19 21:22:16,058 INFO  [localfetcher#1] reduce.MergeManagerImpl (MergeManagerImpl.java:closeInMemoryFile(314)) - closeInMemoryFile -> map-output of size: 2, inMemoryMapOutputs.size() -> 1, commitMemory -> 0, usedMemory ->2
2018-10-19 21:22:16,060 INFO  [EventFetcher for fetching Map Completion Events] reduce.EventFetcher (EventFetcher.java:run(76)) - EventFetcher is interrupted.. Returning
2018-10-19 21:22:16,060 INFO  [pool-5-thread-1] mapred.LocalJobRunner (LocalJobRunner.java:statusUpdate(591)) - 1 / 1 copied.
2018-10-19 21:22:16,061 INFO  [pool-5-thread-1] reduce.MergeManagerImpl (MergeManagerImpl.java:finalMerge(674)) - finalMerge called with 1 in-memory map-outputs and 0 on-disk map-outputs
2018-10-19 21:22:16,065 INFO  [pool-5-thread-1] mapred.Merger (Merger.java:merge(597)) - Merging 1 sorted segments
2018-10-19 21:22:16,067 INFO  [pool-5-thread-1] mapred.Merger (Merger.java:merge(696)) - Down to the last merge-pass, with 0 segments left of total size: 0 bytes
2018-10-19 21:22:16,067 INFO  [pool-5-thread-1] reduce.MergeManagerImpl (MergeManagerImpl.java:finalMerge(751)) - Merged 1 segments, 2 bytes to disk to satisfy reduce memory limit
2018-10-19 21:22:16,067 INFO  [pool-5-thread-1] reduce.MergeManagerImpl (MergeManagerImpl.java:finalMerge(781)) - Merging 1 files, 6 bytes from disk
2018-10-19 21:22:16,068 INFO  [pool-5-thread-1] reduce.MergeManagerImpl (MergeManagerImpl.java:finalMerge(796)) - Merging 0 segments, 0 bytes from memory into reduce
2018-10-19 21:22:16,068 INFO  [pool-5-thread-1] mapred.Merger (Merger.java:merge(597)) - Merging 1 sorted segments
2018-10-19 21:22:16,069 INFO  [pool-5-thread-1] mapred.Merger (Merger.java:merge(696)) - Down to the last merge-pass, with 0 segments left of total size: 0 bytes
2018-10-19 21:22:16,070 INFO  [pool-5-thread-1] mapred.LocalJobRunner (LocalJobRunner.java:statusUpdate(591)) - 1 / 1 copied.
2018-10-19 21:22:16,122 INFO  [pool-5-thread-1] Configuration.deprecation (Configuration.java:warnOnceIfDeprecated(1049)) - mapred.skip.on is deprecated. Instead, use mapreduce.job.skiprecords
2018-10-19 21:22:16,137 INFO  [pool-5-thread-1] mapred.Task (Task.java:done(1001)) - Task:attempt_local1918659455_0002_r_000000_0 is done. And is in the process of committing
2018-10-19 21:22:16,139 INFO  [pool-5-thread-1] mapred.LocalJobRunner (LocalJobRunner.java:statusUpdate(591)) - 1 / 1 copied.
2018-10-19 21:22:16,139 INFO  [pool-5-thread-1] mapred.Task (Task.java:commit(1162)) - Task attempt_local1918659455_0002_r_000000_0 is allowed to commit now
2018-10-19 21:22:16,145 INFO  [pool-5-thread-1] output.FileOutputCommitter (FileOutputCommitter.java:commitTask(439)) - Saved output of task 'attempt_local1918659455_0002_r_000000_0' to file:/home/sivakuma/project3/intermediate/i1/_temporary/0/task_local1918659455_0002_r_000000
2018-10-19 21:22:16,146 INFO  [pool-5-thread-1] mapred.LocalJobRunner (LocalJobRunner.java:statusUpdate(591)) - reduce > reduce
2018-10-19 21:22:16,146 INFO  [pool-5-thread-1] mapred.Task (Task.java:sendDone(1121)) - Task 'attempt_local1918659455_0002_r_000000_0' done.
2018-10-19 21:22:16,146 INFO  [pool-5-thread-1] mapred.LocalJobRunner (LocalJobRunner.java:run(325)) - Finishing task: attempt_local1918659455_0002_r_000000_0
2018-10-19 21:22:16,146 INFO  [Thread-31] mapred.LocalJobRunner (LocalJobRunner.java:runTasks(456)) - reduce task executor complete.
2018-10-19 21:22:16,793 INFO  [main] mapreduce.Job (Job.java:monitorAndPrintJob(1366)) - Job job_local1918659455_0002 running in uber mode : false
2018-10-19 21:22:16,793 INFO  [main] mapreduce.Job (Job.java:monitorAndPrintJob(1373)) -  map 100% reduce 100%
2018-10-19 21:22:16,793 INFO  [main] mapreduce.Job (Job.java:monitorAndPrintJob(1384)) - Job job_local1918659455_0002 completed successfully
2018-10-19 21:22:16,798 INFO  [main] mapreduce.Job (Job.java:monitorAndPrintJob(1391)) - Counters: 33
	File System Counters
		FILE: Number of bytes read=38546
		FILE: Number of bytes written=1054369
		FILE: Number of read operations=0
		FILE: Number of large read operations=0
		FILE: Number of write operations=0
	Map-Reduce Framework
		Map input records=0
		Map output records=0
		Map output bytes=0
		Map output materialized bytes=6
		Input split bytes=122
		Combine input records=0
		Combine output records=0
		Reduce input groups=0
		Reduce shuffle bytes=6
		Reduce input records=0
		Reduce output records=0
		Spilled Records=0
		Shuffled Maps =1
		Failed Shuffles=0
		Merged Map outputs=1
		GC time elapsed (ms)=0
		CPU time spent (ms)=0
		Physical memory (bytes) snapshot=0
		Virtual memory (bytes) snapshot=0
		Total committed heap usage (bytes)=2010120192
	Shuffle Errors
		BAD_ID=0
		CONNECTION=0
		IO_ERROR=0
		WRONG_LENGTH=0
		WRONG_MAP=0
		WRONG_REDUCE=0
	File Input Format Counters 
		Bytes Read=79
	File Output Format Counters 
		Bytes Written=79
2018-10-19 21:22:16,819 INFO  [main] jvm.JvmMetrics (JvmMetrics.java:init(71)) - Cannot initialize JVM Metrics with processName=JobTracker, sessionId= - already initialized
2018-10-19 21:22:16,868 WARN  [main] mapreduce.JobSubmitter (JobSubmitter.java:copyAndConfigureFiles(153)) - Hadoop command-line option parsing not performed. Implement the Tool interface and execute your application with ToolRunner to remedy this.
2018-10-19 21:22:16,986 INFO  [main] input.FileInputFormat (FileInputFormat.java:listStatus(281)) - Total input paths to process : 1
2018-10-19 21:22:17,062 INFO  [main] mapreduce.JobSubmitter (JobSubmitter.java:submitJobInternal(494)) - number of splits:1
2018-10-19 21:22:17,103 INFO  [main] mapreduce.JobSubmitter (JobSubmitter.java:printTokens(583)) - Submitting tokens for job: job_local833229817_0003
2018-10-19 21:22:17,317 INFO  [main] mapreduce.Job (Job.java:submit(1300)) - The url to track the job: http://localhost:8080/
2018-10-19 21:22:17,318 INFO  [main] mapreduce.Job (Job.java:monitorAndPrintJob(1345)) - Running job: job_local833229817_0003
2018-10-19 21:22:17,319 INFO  [Thread-53] mapred.LocalJobRunner (LocalJobRunner.java:createOutputCommitter(471)) - OutputCommitter set in config null
2018-10-19 21:22:17,319 INFO  [Thread-53] mapred.LocalJobRunner (LocalJobRunner.java:createOutputCommitter(489)) - OutputCommitter is org.apache.hadoop.mapreduce.lib.output.FileOutputCommitter
2018-10-19 21:22:17,347 INFO  [Thread-53] mapred.LocalJobRunner (LocalJobRunner.java:runTasks(448)) - Waiting for map tasks
2018-10-19 21:22:17,349 INFO  [LocalJobRunner Map Task Executor #0] mapred.LocalJobRunner (LocalJobRunner.java:run(224)) - Starting task: attempt_local833229817_0003_m_000000_0
2018-10-19 21:22:17,361 INFO  [LocalJobRunner Map Task Executor #0] mapred.Task (Task.java:initialize(587)) -  Using ResourceCalculatorProcessTree : [ ]
2018-10-19 21:22:17,362 INFO  [LocalJobRunner Map Task Executor #0] mapred.MapTask (MapTask.java:runNewMapper(753)) - Processing split: file:/home/sivakuma/project3/intermediate/i1/part-r-00000:0+67
2018-10-19 21:22:17,505 INFO  [LocalJobRunner Map Task Executor #0] mapred.MapTask (MapTask.java:setEquator(1202)) - (EQUATOR) 0 kvi 26214396(104857584)
2018-10-19 21:22:17,505 INFO  [LocalJobRunner Map Task Executor #0] mapred.MapTask (MapTask.java:init(995)) - mapreduce.task.io.sort.mb: 100
2018-10-19 21:22:17,505 INFO  [LocalJobRunner Map Task Executor #0] mapred.MapTask (MapTask.java:init(996)) - soft limit at 83886080
2018-10-19 21:22:17,505 INFO  [LocalJobRunner Map Task Executor #0] mapred.MapTask (MapTask.java:init(997)) - bufstart = 0; bufvoid = 104857600
2018-10-19 21:22:17,505 INFO  [LocalJobRunner Map Task Executor #0] mapred.MapTask (MapTask.java:init(998)) - kvstart = 26214396; length = 6553600
2018-10-19 21:22:17,506 INFO  [LocalJobRunner Map Task Executor #0] mapred.MapTask (MapTask.java:createSortingCollector(402)) - Map output collector class = org.apache.hadoop.mapred.MapTask$MapOutputBuffer
2018-10-19 21:22:17,508 INFO  [LocalJobRunner Map Task Executor #0] mapred.LocalJobRunner (LocalJobRunner.java:statusUpdate(591)) - 
2018-10-19 21:22:17,509 INFO  [LocalJobRunner Map Task Executor #0] mapred.MapTask (MapTask.java:flush(1457)) - Starting flush of map output
2018-10-19 21:22:17,510 INFO  [LocalJobRunner Map Task Executor #0] mapred.Task (Task.java:done(1001)) - Task:attempt_local833229817_0003_m_000000_0 is done. And is in the process of committing
2018-10-19 21:22:17,516 INFO  [LocalJobRunner Map Task Executor #0] mapred.LocalJobRunner (LocalJobRunner.java:statusUpdate(591)) - map
2018-10-19 21:22:17,516 INFO  [LocalJobRunner Map Task Executor #0] mapred.Task (Task.java:sendDone(1121)) - Task 'attempt_local833229817_0003_m_000000_0' done.
2018-10-19 21:22:17,516 INFO  [LocalJobRunner Map Task Executor #0] mapred.LocalJobRunner (LocalJobRunner.java:run(249)) - Finishing task: attempt_local833229817_0003_m_000000_0
2018-10-19 21:22:17,516 INFO  [Thread-53] mapred.LocalJobRunner (LocalJobRunner.java:runTasks(456)) - map task executor complete.
2018-10-19 21:22:17,526 INFO  [Thread-53] mapred.LocalJobRunner (LocalJobRunner.java:runTasks(448)) - Waiting for reduce tasks
2018-10-19 21:22:17,533 INFO  [pool-8-thread-1] mapred.LocalJobRunner (LocalJobRunner.java:run(302)) - Starting task: attempt_local833229817_0003_r_000000_0
2018-10-19 21:22:17,545 INFO  [pool-8-thread-1] mapred.Task (Task.java:initialize(587)) -  Using ResourceCalculatorProcessTree : [ ]
2018-10-19 21:22:17,545 INFO  [pool-8-thread-1] mapred.ReduceTask (ReduceTask.java:run(362)) - Using ShuffleConsumerPlugin: org.apache.hadoop.mapreduce.task.reduce.Shuffle@1b23e620
2018-10-19 21:22:17,555 INFO  [pool-8-thread-1] reduce.MergeManagerImpl (MergeManagerImpl.java:<init>(196)) - MergerManager: memoryLimit=703542080, maxSingleShuffleLimit=175885520, mergeThreshold=464337792, ioSortFactor=10, memToMemMergeOutputsThreshold=10
2018-10-19 21:22:17,564 INFO  [EventFetcher for fetching Map Completion Events] reduce.EventFetcher (EventFetcher.java:run(61)) - attempt_local833229817_0003_r_000000_0 Thread started: EventFetcher for fetching Map Completion Events
2018-10-19 21:22:17,570 INFO  [localfetcher#2] reduce.LocalFetcher (LocalFetcher.java:copyMapOutput(141)) - localfetcher#2 about to shuffle output of map attempt_local833229817_0003_m_000000_0 decomp: 2 len: 6 to MEMORY
2018-10-19 21:22:17,570 INFO  [localfetcher#2] reduce.InMemoryMapOutput (InMemoryMapOutput.java:shuffle(100)) - Read 2 bytes from map-output for attempt_local833229817_0003_m_000000_0
2018-10-19 21:22:17,570 INFO  [localfetcher#2] reduce.MergeManagerImpl (MergeManagerImpl.java:closeInMemoryFile(314)) - closeInMemoryFile -> map-output of size: 2, inMemoryMapOutputs.size() -> 1, commitMemory -> 0, usedMemory ->2
2018-10-19 21:22:17,571 INFO  [EventFetcher for fetching Map Completion Events] reduce.EventFetcher (EventFetcher.java:run(76)) - EventFetcher is interrupted.. Returning
2018-10-19 21:22:17,571 INFO  [pool-8-thread-1] mapred.LocalJobRunner (LocalJobRunner.java:statusUpdate(591)) - 1 / 1 copied.
2018-10-19 21:22:17,571 INFO  [pool-8-thread-1] reduce.MergeManagerImpl (MergeManagerImpl.java:finalMerge(674)) - finalMerge called with 1 in-memory map-outputs and 0 on-disk map-outputs
2018-10-19 21:22:17,572 INFO  [pool-8-thread-1] mapred.Merger (Merger.java:merge(597)) - Merging 1 sorted segments
2018-10-19 21:22:17,578 INFO  [pool-8-thread-1] mapred.Merger (Merger.java:merge(696)) - Down to the last merge-pass, with 0 segments left of total size: 0 bytes
2018-10-19 21:22:17,578 INFO  [pool-8-thread-1] reduce.MergeManagerImpl (MergeManagerImpl.java:finalMerge(751)) - Merged 1 segments, 2 bytes to disk to satisfy reduce memory limit
2018-10-19 21:22:17,578 INFO  [pool-8-thread-1] reduce.MergeManagerImpl (MergeManagerImpl.java:finalMerge(781)) - Merging 1 files, 6 bytes from disk
2018-10-19 21:22:17,579 INFO  [pool-8-thread-1] reduce.MergeManagerImpl (MergeManagerImpl.java:finalMerge(796)) - Merging 0 segments, 0 bytes from memory into reduce
2018-10-19 21:22:17,579 INFO  [pool-8-thread-1] mapred.Merger (Merger.java:merge(597)) - Merging 1 sorted segments
2018-10-19 21:22:17,579 INFO  [pool-8-thread-1] mapred.Merger (Merger.java:merge(696)) - Down to the last merge-pass, with 0 segments left of total size: 0 bytes
2018-10-19 21:22:17,579 INFO  [pool-8-thread-1] mapred.LocalJobRunner (LocalJobRunner.java:statusUpdate(591)) - 1 / 1 copied.
2018-10-19 21:22:17,590 INFO  [pool-8-thread-1] mapred.Task (Task.java:done(1001)) - Task:attempt_local833229817_0003_r_000000_0 is done. And is in the process of committing
2018-10-19 21:22:17,591 INFO  [pool-8-thread-1] mapred.LocalJobRunner (LocalJobRunner.java:statusUpdate(591)) - 1 / 1 copied.
2018-10-19 21:22:17,591 INFO  [pool-8-thread-1] mapred.Task (Task.java:commit(1162)) - Task attempt_local833229817_0003_r_000000_0 is allowed to commit now
2018-10-19 21:22:17,594 INFO  [pool-8-thread-1] output.FileOutputCommitter (FileOutputCommitter.java:commitTask(439)) - Saved output of task 'attempt_local833229817_0003_r_000000_0' to file:/home/sivakuma/project3/intermediate/i2/_temporary/0/task_local833229817_0003_r_000000
2018-10-19 21:22:17,594 INFO  [pool-8-thread-1] mapred.LocalJobRunner (LocalJobRunner.java:statusUpdate(591)) - reduce > reduce
2018-10-19 21:22:17,594 INFO  [pool-8-thread-1] mapred.Task (Task.java:sendDone(1121)) - Task 'attempt_local833229817_0003_r_000000_0' done.
2018-10-19 21:22:17,594 INFO  [pool-8-thread-1] mapred.LocalJobRunner (LocalJobRunner.java:run(325)) - Finishing task: attempt_local833229817_0003_r_000000_0
2018-10-19 21:22:17,595 INFO  [Thread-53] mapred.LocalJobRunner (LocalJobRunner.java:runTasks(456)) - reduce task executor complete.
2018-10-19 21:22:18,319 INFO  [main] mapreduce.Job (Job.java:monitorAndPrintJob(1366)) - Job job_local833229817_0003 running in uber mode : false
2018-10-19 21:22:18,319 INFO  [main] mapreduce.Job (Job.java:monitorAndPrintJob(1373)) -  map 100% reduce 100%
2018-10-19 21:22:18,319 INFO  [main] mapreduce.Job (Job.java:monitorAndPrintJob(1384)) - Job job_local833229817_0003 completed successfully
2018-10-19 21:22:18,325 INFO  [main] mapreduce.Job (Job.java:monitorAndPrintJob(1391)) - Counters: 33
	File System Counters
		FILE: Number of bytes read=54434
		FILE: Number of bytes written=1579693
		FILE: Number of read operations=0
		FILE: Number of large read operations=0
		FILE: Number of write operations=0
	Map-Reduce Framework
		Map input records=0
		Map output records=0
		Map output bytes=0
		Map output materialized bytes=6
		Input split bytes=122
		Combine input records=0
		Combine output records=0
		Reduce input groups=0
		Reduce shuffle bytes=6
		Reduce input records=0
		Reduce output records=0
		Spilled Records=0
		Shuffled Maps =1
		Failed Shuffles=0
		Merged Map outputs=1
		GC time elapsed (ms)=100
		CPU time spent (ms)=0
		Physical memory (bytes) snapshot=0
		Virtual memory (bytes) snapshot=0
		Total committed heap usage (bytes)=2010120192
	Shuffle Errors
		BAD_ID=0
		CONNECTION=0
		IO_ERROR=0
		WRONG_LENGTH=0
		WRONG_MAP=0
		WRONG_REDUCE=0
	File Input Format Counters 
		Bytes Read=79
	File Output Format Counters 
		Bytes Written=79
2018-10-19 21:22:18,336 INFO  [main] jvm.JvmMetrics (JvmMetrics.java:init(71)) - Cannot initialize JVM Metrics with processName=JobTracker, sessionId= - already initialized
2018-10-19 21:22:18,359 WARN  [main] mapreduce.JobSubmitter (JobSubmitter.java:copyAndConfigureFiles(153)) - Hadoop command-line option parsing not performed. Implement the Tool interface and execute your application with ToolRunner to remedy this.
2018-10-19 21:22:18,399 INFO  [main] input.FileInputFormat (FileInputFormat.java:listStatus(281)) - Total input paths to process : 1
2018-10-19 21:22:18,409 INFO  [main] mapreduce.JobSubmitter (JobSubmitter.java:submitJobInternal(494)) - number of splits:1
2018-10-19 21:22:18,422 INFO  [main] mapreduce.JobSubmitter (JobSubmitter.java:printTokens(583)) - Submitting tokens for job: job_local261293440_0004
2018-10-19 21:22:18,546 INFO  [main] mapreduce.Job (Job.java:submit(1300)) - The url to track the job: http://localhost:8080/
2018-10-19 21:22:18,546 INFO  [main] mapreduce.Job (Job.java:monitorAndPrintJob(1345)) - Running job: job_local261293440_0004
2018-10-19 21:22:18,547 INFO  [Thread-75] mapred.LocalJobRunner (LocalJobRunner.java:createOutputCommitter(471)) - OutputCommitter set in config null
2018-10-19 21:22:18,547 INFO  [Thread-75] mapred.LocalJobRunner (LocalJobRunner.java:createOutputCommitter(489)) - OutputCommitter is org.apache.hadoop.mapreduce.lib.output.FileOutputCommitter
2018-10-19 21:22:18,573 INFO  [Thread-75] mapred.LocalJobRunner (LocalJobRunner.java:runTasks(448)) - Waiting for map tasks
2018-10-19 21:22:18,574 INFO  [LocalJobRunner Map Task Executor #0] mapred.LocalJobRunner (LocalJobRunner.java:run(224)) - Starting task: attempt_local261293440_0004_m_000000_0
2018-10-19 21:22:18,592 INFO  [LocalJobRunner Map Task Executor #0] mapred.Task (Task.java:initialize(587)) -  Using ResourceCalculatorProcessTree : [ ]
2018-10-19 21:22:18,592 INFO  [LocalJobRunner Map Task Executor #0] mapred.MapTask (MapTask.java:runNewMapper(753)) - Processing split: file:/home/sivakuma/project3/intermediate/i2/part-r-00000:0+67
2018-10-19 21:22:18,710 INFO  [LocalJobRunner Map Task Executor #0] mapred.MapTask (MapTask.java:setEquator(1202)) - (EQUATOR) 0 kvi 26214396(104857584)
2018-10-19 21:22:18,710 INFO  [LocalJobRunner Map Task Executor #0] mapred.MapTask (MapTask.java:init(995)) - mapreduce.task.io.sort.mb: 100
2018-10-19 21:22:18,710 INFO  [LocalJobRunner Map Task Executor #0] mapred.MapTask (MapTask.java:init(996)) - soft limit at 83886080
2018-10-19 21:22:18,710 INFO  [LocalJobRunner Map Task Executor #0] mapred.MapTask (MapTask.java:init(997)) - bufstart = 0; bufvoid = 104857600
2018-10-19 21:22:18,710 INFO  [LocalJobRunner Map Task Executor #0] mapred.MapTask (MapTask.java:init(998)) - kvstart = 26214396; length = 6553600
2018-10-19 21:22:18,712 INFO  [LocalJobRunner Map Task Executor #0] mapred.MapTask (MapTask.java:createSortingCollector(402)) - Map output collector class = org.apache.hadoop.mapred.MapTask$MapOutputBuffer
2018-10-19 21:22:18,714 INFO  [LocalJobRunner Map Task Executor #0] mapred.LocalJobRunner (LocalJobRunner.java:statusUpdate(591)) - 
2018-10-19 21:22:18,714 INFO  [LocalJobRunner Map Task Executor #0] mapred.MapTask (MapTask.java:flush(1457)) - Starting flush of map output
2018-10-19 21:22:18,718 INFO  [LocalJobRunner Map Task Executor #0] mapred.Task (Task.java:done(1001)) - Task:attempt_local261293440_0004_m_000000_0 is done. And is in the process of committing
2018-10-19 21:22:18,724 INFO  [LocalJobRunner Map Task Executor #0] mapred.LocalJobRunner (LocalJobRunner.java:statusUpdate(591)) - map
2018-10-19 21:22:18,724 INFO  [LocalJobRunner Map Task Executor #0] mapred.Task (Task.java:sendDone(1121)) - Task 'attempt_local261293440_0004_m_000000_0' done.
2018-10-19 21:22:18,724 INFO  [LocalJobRunner Map Task Executor #0] mapred.LocalJobRunner (LocalJobRunner.java:run(249)) - Finishing task: attempt_local261293440_0004_m_000000_0
2018-10-19 21:22:18,724 INFO  [Thread-75] mapred.LocalJobRunner (LocalJobRunner.java:runTasks(456)) - map task executor complete.
2018-10-19 21:22:18,724 INFO  [Thread-75] mapred.LocalJobRunner (LocalJobRunner.java:runTasks(448)) - Waiting for reduce tasks
2018-10-19 21:22:18,731 INFO  [pool-11-thread-1] mapred.LocalJobRunner (LocalJobRunner.java:run(302)) - Starting task: attempt_local261293440_0004_r_000000_0
2018-10-19 21:22:18,733 INFO  [pool-11-thread-1] mapred.Task (Task.java:initialize(587)) -  Using ResourceCalculatorProcessTree : [ ]
2018-10-19 21:22:18,733 INFO  [pool-11-thread-1] mapred.ReduceTask (ReduceTask.java:run(362)) - Using ShuffleConsumerPlugin: org.apache.hadoop.mapreduce.task.reduce.Shuffle@21123499
2018-10-19 21:22:18,738 INFO  [pool-11-thread-1] reduce.MergeManagerImpl (MergeManagerImpl.java:<init>(196)) - MergerManager: memoryLimit=703542080, maxSingleShuffleLimit=175885520, mergeThreshold=464337792, ioSortFactor=10, memToMemMergeOutputsThreshold=10
2018-10-19 21:22:18,739 INFO  [EventFetcher for fetching Map Completion Events] reduce.EventFetcher (EventFetcher.java:run(61)) - attempt_local261293440_0004_r_000000_0 Thread started: EventFetcher for fetching Map Completion Events
2018-10-19 21:22:18,747 INFO  [localfetcher#3] reduce.LocalFetcher (LocalFetcher.java:copyMapOutput(141)) - localfetcher#3 about to shuffle output of map attempt_local261293440_0004_m_000000_0 decomp: 2 len: 6 to MEMORY
2018-10-19 21:22:18,748 INFO  [localfetcher#3] reduce.InMemoryMapOutput (InMemoryMapOutput.java:shuffle(100)) - Read 2 bytes from map-output for attempt_local261293440_0004_m_000000_0
2018-10-19 21:22:18,748 INFO  [localfetcher#3] reduce.MergeManagerImpl (MergeManagerImpl.java:closeInMemoryFile(314)) - closeInMemoryFile -> map-output of size: 2, inMemoryMapOutputs.size() -> 1, commitMemory -> 0, usedMemory ->2
2018-10-19 21:22:18,748 INFO  [EventFetcher for fetching Map Completion Events] reduce.EventFetcher (EventFetcher.java:run(76)) - EventFetcher is interrupted.. Returning
2018-10-19 21:22:18,749 INFO  [pool-11-thread-1] mapred.LocalJobRunner (LocalJobRunner.java:statusUpdate(591)) - 1 / 1 copied.
2018-10-19 21:22:18,749 INFO  [pool-11-thread-1] reduce.MergeManagerImpl (MergeManagerImpl.java:finalMerge(674)) - finalMerge called with 1 in-memory map-outputs and 0 on-disk map-outputs
2018-10-19 21:22:18,749 INFO  [pool-11-thread-1] mapred.Merger (Merger.java:merge(597)) - Merging 1 sorted segments
2018-10-19 21:22:18,757 INFO  [pool-11-thread-1] mapred.Merger (Merger.java:merge(696)) - Down to the last merge-pass, with 0 segments left of total size: 0 bytes
2018-10-19 21:22:18,758 INFO  [pool-11-thread-1] reduce.MergeManagerImpl (MergeManagerImpl.java:finalMerge(751)) - Merged 1 segments, 2 bytes to disk to satisfy reduce memory limit
2018-10-19 21:22:18,758 INFO  [pool-11-thread-1] reduce.MergeManagerImpl (MergeManagerImpl.java:finalMerge(781)) - Merging 1 files, 6 bytes from disk
2018-10-19 21:22:18,758 INFO  [pool-11-thread-1] reduce.MergeManagerImpl (MergeManagerImpl.java:finalMerge(796)) - Merging 0 segments, 0 bytes from memory into reduce
2018-10-19 21:22:18,758 INFO  [pool-11-thread-1] mapred.Merger (Merger.java:merge(597)) - Merging 1 sorted segments
2018-10-19 21:22:18,758 INFO  [pool-11-thread-1] mapred.Merger (Merger.java:merge(696)) - Down to the last merge-pass, with 0 segments left of total size: 0 bytes
2018-10-19 21:22:18,759 INFO  [pool-11-thread-1] mapred.LocalJobRunner (LocalJobRunner.java:statusUpdate(591)) - 1 / 1 copied.
2018-10-19 21:22:18,773 INFO  [pool-11-thread-1] mapred.Task (Task.java:done(1001)) - Task:attempt_local261293440_0004_r_000000_0 is done. And is in the process of committing
2018-10-19 21:22:18,773 INFO  [pool-11-thread-1] mapred.LocalJobRunner (LocalJobRunner.java:statusUpdate(591)) - 1 / 1 copied.
2018-10-19 21:22:18,773 INFO  [pool-11-thread-1] mapred.Task (Task.java:commit(1162)) - Task attempt_local261293440_0004_r_000000_0 is allowed to commit now
2018-10-19 21:22:18,776 INFO  [pool-11-thread-1] output.FileOutputCommitter (FileOutputCommitter.java:commitTask(439)) - Saved output of task 'attempt_local261293440_0004_r_000000_0' to file:/home/sivakuma/project3/intermediate/i3/_temporary/0/task_local261293440_0004_r_000000
2018-10-19 21:22:18,776 INFO  [pool-11-thread-1] mapred.LocalJobRunner (LocalJobRunner.java:statusUpdate(591)) - reduce > reduce
2018-10-19 21:22:18,777 INFO  [pool-11-thread-1] mapred.Task (Task.java:sendDone(1121)) - Task 'attempt_local261293440_0004_r_000000_0' done.
2018-10-19 21:22:18,777 INFO  [pool-11-thread-1] mapred.LocalJobRunner (LocalJobRunner.java:run(325)) - Finishing task: attempt_local261293440_0004_r_000000_0
2018-10-19 21:22:18,777 INFO  [Thread-75] mapred.LocalJobRunner (LocalJobRunner.java:runTasks(456)) - reduce task executor complete.
2018-10-19 21:22:19,547 INFO  [main] mapreduce.Job (Job.java:monitorAndPrintJob(1366)) - Job job_local261293440_0004 running in uber mode : false
2018-10-19 21:22:19,547 INFO  [main] mapreduce.Job (Job.java:monitorAndPrintJob(1373)) -  map 100% reduce 100%
2018-10-19 21:22:19,547 INFO  [main] mapreduce.Job (Job.java:monitorAndPrintJob(1384)) - Job job_local261293440_0004 completed successfully
2018-10-19 21:22:19,552 INFO  [main] mapreduce.Job (Job.java:monitorAndPrintJob(1391)) - Counters: 33
	File System Counters
		FILE: Number of bytes read=70322
		FILE: Number of bytes written=2105017
		FILE: Number of read operations=0
		FILE: Number of large read operations=0
		FILE: Number of write operations=0
	Map-Reduce Framework
		Map input records=0
		Map output records=0
		Map output bytes=0
		Map output materialized bytes=6
		Input split bytes=122
		Combine input records=0
		Combine output records=0
		Reduce input groups=0
		Reduce shuffle bytes=6
		Reduce input records=0
		Reduce output records=0
		Spilled Records=0
		Shuffled Maps =1
		Failed Shuffles=0
		Merged Map outputs=1
		GC time elapsed (ms)=97
		CPU time spent (ms)=0
		Physical memory (bytes) snapshot=0
		Virtual memory (bytes) snapshot=0
		Total committed heap usage (bytes)=2010120192
	Shuffle Errors
		BAD_ID=0
		CONNECTION=0
		IO_ERROR=0
		WRONG_LENGTH=0
		WRONG_MAP=0
		WRONG_REDUCE=0
	File Input Format Counters 
		Bytes Read=79
	File Output Format Counters 
		Bytes Written=79
2018-10-19 21:22:19,567 INFO  [main] jvm.JvmMetrics (JvmMetrics.java:init(71)) - Cannot initialize JVM Metrics with processName=JobTracker, sessionId= - already initialized
2018-10-19 21:22:19,579 WARN  [main] mapreduce.JobSubmitter (JobSubmitter.java:copyAndConfigureFiles(153)) - Hadoop command-line option parsing not performed. Implement the Tool interface and execute your application with ToolRunner to remedy this.
2018-10-19 21:22:19,606 INFO  [main] input.FileInputFormat (FileInputFormat.java:listStatus(281)) - Total input paths to process : 1
2018-10-19 21:22:19,628 INFO  [main] mapreduce.JobSubmitter (JobSubmitter.java:submitJobInternal(494)) - number of splits:1
2018-10-19 21:22:19,637 INFO  [main] mapreduce.JobSubmitter (JobSubmitter.java:printTokens(583)) - Submitting tokens for job: job_local17914120_0005
2018-10-19 21:22:19,708 INFO  [main] mapreduce.Job (Job.java:submit(1300)) - The url to track the job: http://localhost:8080/
2018-10-19 21:22:19,708 INFO  [main] mapreduce.Job (Job.java:monitorAndPrintJob(1345)) - Running job: job_local17914120_0005
2018-10-19 21:22:19,708 INFO  [Thread-97] mapred.LocalJobRunner (LocalJobRunner.java:createOutputCommitter(471)) - OutputCommitter set in config null
2018-10-19 21:22:19,710 INFO  [Thread-97] mapred.LocalJobRunner (LocalJobRunner.java:createOutputCommitter(489)) - OutputCommitter is org.apache.hadoop.mapreduce.lib.output.FileOutputCommitter
2018-10-19 21:22:19,715 INFO  [Thread-97] mapred.LocalJobRunner (LocalJobRunner.java:runTasks(448)) - Waiting for map tasks
2018-10-19 21:22:19,715 INFO  [LocalJobRunner Map Task Executor #0] mapred.LocalJobRunner (LocalJobRunner.java:run(224)) - Starting task: attempt_local17914120_0005_m_000000_0
2018-10-19 21:22:19,718 INFO  [LocalJobRunner Map Task Executor #0] mapred.Task (Task.java:initialize(587)) -  Using ResourceCalculatorProcessTree : [ ]
2018-10-19 21:22:19,719 INFO  [LocalJobRunner Map Task Executor #0] mapred.MapTask (MapTask.java:runNewMapper(753)) - Processing split: file:/home/sivakuma/project3/intermediate/i3/part-r-00000:0+67
2018-10-19 21:22:19,848 INFO  [LocalJobRunner Map Task Executor #0] mapred.MapTask (MapTask.java:setEquator(1202)) - (EQUATOR) 0 kvi 26214396(104857584)
2018-10-19 21:22:19,848 INFO  [LocalJobRunner Map Task Executor #0] mapred.MapTask (MapTask.java:init(995)) - mapreduce.task.io.sort.mb: 100
2018-10-19 21:22:19,848 INFO  [LocalJobRunner Map Task Executor #0] mapred.MapTask (MapTask.java:init(996)) - soft limit at 83886080
2018-10-19 21:22:19,848 INFO  [LocalJobRunner Map Task Executor #0] mapred.MapTask (MapTask.java:init(997)) - bufstart = 0; bufvoid = 104857600
2018-10-19 21:22:19,848 INFO  [LocalJobRunner Map Task Executor #0] mapred.MapTask (MapTask.java:init(998)) - kvstart = 26214396; length = 6553600
2018-10-19 21:22:19,849 INFO  [LocalJobRunner Map Task Executor #0] mapred.MapTask (MapTask.java:createSortingCollector(402)) - Map output collector class = org.apache.hadoop.mapred.MapTask$MapOutputBuffer
2018-10-19 21:22:19,859 INFO  [LocalJobRunner Map Task Executor #0] mapred.LocalJobRunner (LocalJobRunner.java:statusUpdate(591)) - 
2018-10-19 21:22:19,859 INFO  [LocalJobRunner Map Task Executor #0] mapred.MapTask (MapTask.java:flush(1457)) - Starting flush of map output
2018-10-19 21:22:19,861 INFO  [LocalJobRunner Map Task Executor #0] mapred.Task (Task.java:done(1001)) - Task:attempt_local17914120_0005_m_000000_0 is done. And is in the process of committing
2018-10-19 21:22:19,865 INFO  [LocalJobRunner Map Task Executor #0] mapred.LocalJobRunner (LocalJobRunner.java:statusUpdate(591)) - map
2018-10-19 21:22:19,865 INFO  [LocalJobRunner Map Task Executor #0] mapred.Task (Task.java:sendDone(1121)) - Task 'attempt_local17914120_0005_m_000000_0' done.
2018-10-19 21:22:19,865 INFO  [LocalJobRunner Map Task Executor #0] mapred.LocalJobRunner (LocalJobRunner.java:run(249)) - Finishing task: attempt_local17914120_0005_m_000000_0
2018-10-19 21:22:19,865 INFO  [Thread-97] mapred.LocalJobRunner (LocalJobRunner.java:runTasks(456)) - map task executor complete.
2018-10-19 21:22:19,866 INFO  [Thread-97] mapred.LocalJobRunner (LocalJobRunner.java:runTasks(448)) - Waiting for reduce tasks
2018-10-19 21:22:19,872 INFO  [pool-14-thread-1] mapred.LocalJobRunner (LocalJobRunner.java:run(302)) - Starting task: attempt_local17914120_0005_r_000000_0
2018-10-19 21:22:19,873 INFO  [pool-14-thread-1] mapred.Task (Task.java:initialize(587)) -  Using ResourceCalculatorProcessTree : [ ]
2018-10-19 21:22:19,873 INFO  [pool-14-thread-1] mapred.ReduceTask (ReduceTask.java:run(362)) - Using ShuffleConsumerPlugin: org.apache.hadoop.mapreduce.task.reduce.Shuffle@4808a14e
2018-10-19 21:22:19,876 INFO  [pool-14-thread-1] reduce.MergeManagerImpl (MergeManagerImpl.java:<init>(196)) - MergerManager: memoryLimit=703542080, maxSingleShuffleLimit=175885520, mergeThreshold=464337792, ioSortFactor=10, memToMemMergeOutputsThreshold=10
2018-10-19 21:22:19,879 INFO  [EventFetcher for fetching Map Completion Events] reduce.EventFetcher (EventFetcher.java:run(61)) - attempt_local17914120_0005_r_000000_0 Thread started: EventFetcher for fetching Map Completion Events
2018-10-19 21:22:19,879 INFO  [localfetcher#4] reduce.LocalFetcher (LocalFetcher.java:copyMapOutput(141)) - localfetcher#4 about to shuffle output of map attempt_local17914120_0005_m_000000_0 decomp: 2 len: 6 to MEMORY
2018-10-19 21:22:19,880 INFO  [localfetcher#4] reduce.InMemoryMapOutput (InMemoryMapOutput.java:shuffle(100)) - Read 2 bytes from map-output for attempt_local17914120_0005_m_000000_0
2018-10-19 21:22:19,880 INFO  [localfetcher#4] reduce.MergeManagerImpl (MergeManagerImpl.java:closeInMemoryFile(314)) - closeInMemoryFile -> map-output of size: 2, inMemoryMapOutputs.size() -> 1, commitMemory -> 0, usedMemory ->2
2018-10-19 21:22:19,880 INFO  [EventFetcher for fetching Map Completion Events] reduce.EventFetcher (EventFetcher.java:run(76)) - EventFetcher is interrupted.. Returning
2018-10-19 21:22:19,881 INFO  [pool-14-thread-1] mapred.LocalJobRunner (LocalJobRunner.java:statusUpdate(591)) - 1 / 1 copied.
2018-10-19 21:22:19,881 INFO  [pool-14-thread-1] reduce.MergeManagerImpl (MergeManagerImpl.java:finalMerge(674)) - finalMerge called with 1 in-memory map-outputs and 0 on-disk map-outputs
2018-10-19 21:22:19,881 INFO  [pool-14-thread-1] mapred.Merger (Merger.java:merge(597)) - Merging 1 sorted segments
2018-10-19 21:22:19,882 INFO  [pool-14-thread-1] mapred.Merger (Merger.java:merge(696)) - Down to the last merge-pass, with 0 segments left of total size: 0 bytes
2018-10-19 21:22:19,882 INFO  [pool-14-thread-1] reduce.MergeManagerImpl (MergeManagerImpl.java:finalMerge(751)) - Merged 1 segments, 2 bytes to disk to satisfy reduce memory limit
2018-10-19 21:22:19,882 INFO  [pool-14-thread-1] reduce.MergeManagerImpl (MergeManagerImpl.java:finalMerge(781)) - Merging 1 files, 6 bytes from disk
2018-10-19 21:22:19,882 INFO  [pool-14-thread-1] reduce.MergeManagerImpl (MergeManagerImpl.java:finalMerge(796)) - Merging 0 segments, 0 bytes from memory into reduce
2018-10-19 21:22:19,883 INFO  [pool-14-thread-1] mapred.Merger (Merger.java:merge(597)) - Merging 1 sorted segments
2018-10-19 21:22:19,883 INFO  [pool-14-thread-1] mapred.Merger (Merger.java:merge(696)) - Down to the last merge-pass, with 0 segments left of total size: 0 bytes
2018-10-19 21:22:19,883 INFO  [pool-14-thread-1] mapred.LocalJobRunner (LocalJobRunner.java:statusUpdate(591)) - 1 / 1 copied.
2018-10-19 21:22:19,897 INFO  [pool-14-thread-1] mapred.Task (Task.java:done(1001)) - Task:attempt_local17914120_0005_r_000000_0 is done. And is in the process of committing
2018-10-19 21:22:19,898 INFO  [pool-14-thread-1] mapred.LocalJobRunner (LocalJobRunner.java:statusUpdate(591)) - 1 / 1 copied.
2018-10-19 21:22:19,898 INFO  [pool-14-thread-1] mapred.Task (Task.java:commit(1162)) - Task attempt_local17914120_0005_r_000000_0 is allowed to commit now
2018-10-19 21:22:19,901 INFO  [pool-14-thread-1] output.FileOutputCommitter (FileOutputCommitter.java:commitTask(439)) - Saved output of task 'attempt_local17914120_0005_r_000000_0' to file:/home/sivakuma/project3/intermediate/i4/_temporary/0/task_local17914120_0005_r_000000
2018-10-19 21:22:19,901 INFO  [pool-14-thread-1] mapred.LocalJobRunner (LocalJobRunner.java:statusUpdate(591)) - reduce > reduce
2018-10-19 21:22:19,901 INFO  [pool-14-thread-1] mapred.Task (Task.java:sendDone(1121)) - Task 'attempt_local17914120_0005_r_000000_0' done.
2018-10-19 21:22:19,901 INFO  [pool-14-thread-1] mapred.LocalJobRunner (LocalJobRunner.java:run(325)) - Finishing task: attempt_local17914120_0005_r_000000_0
2018-10-19 21:22:19,901 INFO  [Thread-97] mapred.LocalJobRunner (LocalJobRunner.java:runTasks(456)) - reduce task executor complete.
2018-10-19 21:22:20,708 INFO  [main] mapreduce.Job (Job.java:monitorAndPrintJob(1366)) - Job job_local17914120_0005 running in uber mode : false
2018-10-19 21:22:20,709 INFO  [main] mapreduce.Job (Job.java:monitorAndPrintJob(1373)) -  map 100% reduce 100%
2018-10-19 21:22:20,709 INFO  [main] mapreduce.Job (Job.java:monitorAndPrintJob(1384)) - Job job_local17914120_0005 completed successfully
2018-10-19 21:22:20,710 INFO  [main] mapreduce.Job (Job.java:monitorAndPrintJob(1391)) - Counters: 33
	File System Counters
		FILE: Number of bytes read=86210
		FILE: Number of bytes written=2627629
		FILE: Number of read operations=0
		FILE: Number of large read operations=0
		FILE: Number of write operations=0
	Map-Reduce Framework
		Map input records=0
		Map output records=0
		Map output bytes=0
		Map output materialized bytes=6
		Input split bytes=122
		Combine input records=0
		Combine output records=0
		Reduce input groups=0
		Reduce shuffle bytes=6
		Reduce input records=0
		Reduce output records=0
		Spilled Records=0
		Shuffled Maps =1
		Failed Shuffles=0
		Merged Map outputs=1
		GC time elapsed (ms)=107
		CPU time spent (ms)=0
		Physical memory (bytes) snapshot=0
		Virtual memory (bytes) snapshot=0
		Total committed heap usage (bytes)=2010120192
	Shuffle Errors
		BAD_ID=0
		CONNECTION=0
		IO_ERROR=0
		WRONG_LENGTH=0
		WRONG_MAP=0
		WRONG_REDUCE=0
	File Input Format Counters 
		Bytes Read=79
	File Output Format Counters 
		Bytes Written=79
2018-10-19 21:22:20,729 INFO  [main] jvm.JvmMetrics (JvmMetrics.java:init(71)) - Cannot initialize JVM Metrics with processName=JobTracker, sessionId= - already initialized
2018-10-19 21:22:20,739 WARN  [main] mapreduce.JobSubmitter (JobSubmitter.java:copyAndConfigureFiles(153)) - Hadoop command-line option parsing not performed. Implement the Tool interface and execute your application with ToolRunner to remedy this.
2018-10-19 21:22:20,765 INFO  [main] input.FileInputFormat (FileInputFormat.java:listStatus(281)) - Total input paths to process : 1
2018-10-19 21:22:20,776 INFO  [main] mapreduce.JobSubmitter (JobSubmitter.java:submitJobInternal(494)) - number of splits:1
2018-10-19 21:22:20,785 INFO  [main] mapreduce.JobSubmitter (JobSubmitter.java:printTokens(583)) - Submitting tokens for job: job_local1259222840_0006
2018-10-19 21:22:20,952 INFO  [main] mapreduce.Job (Job.java:submit(1300)) - The url to track the job: http://localhost:8080/
2018-10-19 21:22:20,953 INFO  [main] mapreduce.Job (Job.java:monitorAndPrintJob(1345)) - Running job: job_local1259222840_0006
2018-10-19 21:22:20,953 INFO  [Thread-119] mapred.LocalJobRunner (LocalJobRunner.java:createOutputCommitter(471)) - OutputCommitter set in config null
2018-10-19 21:22:20,953 INFO  [Thread-119] mapred.LocalJobRunner (LocalJobRunner.java:createOutputCommitter(489)) - OutputCommitter is org.apache.hadoop.mapreduce.lib.output.FileOutputCommitter
2018-10-19 21:22:20,970 INFO  [Thread-119] mapred.LocalJobRunner (LocalJobRunner.java:runTasks(448)) - Waiting for map tasks
2018-10-19 21:22:20,971 INFO  [LocalJobRunner Map Task Executor #0] mapred.LocalJobRunner (LocalJobRunner.java:run(224)) - Starting task: attempt_local1259222840_0006_m_000000_0
2018-10-19 21:22:20,980 INFO  [LocalJobRunner Map Task Executor #0] mapred.Task (Task.java:initialize(587)) -  Using ResourceCalculatorProcessTree : [ ]
2018-10-19 21:22:20,980 INFO  [LocalJobRunner Map Task Executor #0] mapred.MapTask (MapTask.java:runNewMapper(753)) - Processing split: file:/home/sivakuma/project3/intermediate/i4/part-r-00000:0+67
2018-10-19 21:22:21,032 INFO  [LocalJobRunner Map Task Executor #0] mapred.MapTask (MapTask.java:setEquator(1202)) - (EQUATOR) 0 kvi 26214396(104857584)
2018-10-19 21:22:21,032 INFO  [LocalJobRunner Map Task Executor #0] mapred.MapTask (MapTask.java:init(995)) - mapreduce.task.io.sort.mb: 100
2018-10-19 21:22:21,032 INFO  [LocalJobRunner Map Task Executor #0] mapred.MapTask (MapTask.java:init(996)) - soft limit at 83886080
2018-10-19 21:22:21,032 INFO  [LocalJobRunner Map Task Executor #0] mapred.MapTask (MapTask.java:init(997)) - bufstart = 0; bufvoid = 104857600
2018-10-19 21:22:21,032 INFO  [LocalJobRunner Map Task Executor #0] mapred.MapTask (MapTask.java:init(998)) - kvstart = 26214396; length = 6553600
2018-10-19 21:22:21,033 INFO  [LocalJobRunner Map Task Executor #0] mapred.MapTask (MapTask.java:createSortingCollector(402)) - Map output collector class = org.apache.hadoop.mapred.MapTask$MapOutputBuffer
2018-10-19 21:22:21,035 INFO  [LocalJobRunner Map Task Executor #0] mapred.LocalJobRunner (LocalJobRunner.java:statusUpdate(591)) - 
2018-10-19 21:22:21,036 INFO  [LocalJobRunner Map Task Executor #0] mapred.MapTask (MapTask.java:flush(1457)) - Starting flush of map output
2018-10-19 21:22:21,038 INFO  [LocalJobRunner Map Task Executor #0] mapred.Task (Task.java:done(1001)) - Task:attempt_local1259222840_0006_m_000000_0 is done. And is in the process of committing
2018-10-19 21:22:21,040 INFO  [LocalJobRunner Map Task Executor #0] mapred.LocalJobRunner (LocalJobRunner.java:statusUpdate(591)) - map
2018-10-19 21:22:21,040 INFO  [LocalJobRunner Map Task Executor #0] mapred.Task (Task.java:sendDone(1121)) - Task 'attempt_local1259222840_0006_m_000000_0' done.
2018-10-19 21:22:21,040 INFO  [LocalJobRunner Map Task Executor #0] mapred.LocalJobRunner (LocalJobRunner.java:run(249)) - Finishing task: attempt_local1259222840_0006_m_000000_0
2018-10-19 21:22:21,040 INFO  [Thread-119] mapred.LocalJobRunner (LocalJobRunner.java:runTasks(456)) - map task executor complete.
2018-10-19 21:22:21,044 INFO  [Thread-119] mapred.LocalJobRunner (LocalJobRunner.java:runTasks(448)) - Waiting for reduce tasks
2018-10-19 21:22:21,050 INFO  [pool-17-thread-1] mapred.LocalJobRunner (LocalJobRunner.java:run(302)) - Starting task: attempt_local1259222840_0006_r_000000_0
2018-10-19 21:22:21,051 INFO  [pool-17-thread-1] mapred.Task (Task.java:initialize(587)) -  Using ResourceCalculatorProcessTree : [ ]
2018-10-19 21:22:21,051 INFO  [pool-17-thread-1] mapred.ReduceTask (ReduceTask.java:run(362)) - Using ShuffleConsumerPlugin: org.apache.hadoop.mapreduce.task.reduce.Shuffle@26cfd0e
2018-10-19 21:22:21,054 INFO  [pool-17-thread-1] reduce.MergeManagerImpl (MergeManagerImpl.java:<init>(196)) - MergerManager: memoryLimit=677117952, maxSingleShuffleLimit=169279488, mergeThreshold=446897856, ioSortFactor=10, memToMemMergeOutputsThreshold=10
2018-10-19 21:22:21,055 INFO  [EventFetcher for fetching Map Completion Events] reduce.EventFetcher (EventFetcher.java:run(61)) - attempt_local1259222840_0006_r_000000_0 Thread started: EventFetcher for fetching Map Completion Events
2018-10-19 21:22:21,056 INFO  [localfetcher#5] reduce.LocalFetcher (LocalFetcher.java:copyMapOutput(141)) - localfetcher#5 about to shuffle output of map attempt_local1259222840_0006_m_000000_0 decomp: 2 len: 6 to MEMORY
2018-10-19 21:22:21,056 INFO  [localfetcher#5] reduce.InMemoryMapOutput (InMemoryMapOutput.java:shuffle(100)) - Read 2 bytes from map-output for attempt_local1259222840_0006_m_000000_0
2018-10-19 21:22:21,056 INFO  [localfetcher#5] reduce.MergeManagerImpl (MergeManagerImpl.java:closeInMemoryFile(314)) - closeInMemoryFile -> map-output of size: 2, inMemoryMapOutputs.size() -> 1, commitMemory -> 0, usedMemory ->2
2018-10-19 21:22:21,057 INFO  [EventFetcher for fetching Map Completion Events] reduce.EventFetcher (EventFetcher.java:run(76)) - EventFetcher is interrupted.. Returning
2018-10-19 21:22:21,057 INFO  [pool-17-thread-1] mapred.LocalJobRunner (LocalJobRunner.java:statusUpdate(591)) - 1 / 1 copied.
2018-10-19 21:22:21,057 INFO  [pool-17-thread-1] reduce.MergeManagerImpl (MergeManagerImpl.java:finalMerge(674)) - finalMerge called with 1 in-memory map-outputs and 0 on-disk map-outputs
2018-10-19 21:22:21,058 INFO  [pool-17-thread-1] mapred.Merger (Merger.java:merge(597)) - Merging 1 sorted segments
2018-10-19 21:22:21,058 INFO  [pool-17-thread-1] mapred.Merger (Merger.java:merge(696)) - Down to the last merge-pass, with 0 segments left of total size: 0 bytes
2018-10-19 21:22:21,058 INFO  [pool-17-thread-1] reduce.MergeManagerImpl (MergeManagerImpl.java:finalMerge(751)) - Merged 1 segments, 2 bytes to disk to satisfy reduce memory limit
2018-10-19 21:22:21,058 INFO  [pool-17-thread-1] reduce.MergeManagerImpl (MergeManagerImpl.java:finalMerge(781)) - Merging 1 files, 6 bytes from disk
2018-10-19 21:22:21,058 INFO  [pool-17-thread-1] reduce.MergeManagerImpl (MergeManagerImpl.java:finalMerge(796)) - Merging 0 segments, 0 bytes from memory into reduce
2018-10-19 21:22:21,058 INFO  [pool-17-thread-1] mapred.Merger (Merger.java:merge(597)) - Merging 1 sorted segments
2018-10-19 21:22:21,059 INFO  [pool-17-thread-1] mapred.Merger (Merger.java:merge(696)) - Down to the last merge-pass, with 0 segments left of total size: 0 bytes
2018-10-19 21:22:21,059 INFO  [pool-17-thread-1] mapred.LocalJobRunner (LocalJobRunner.java:statusUpdate(591)) - 1 / 1 copied.
2018-10-19 21:22:21,069 INFO  [pool-17-thread-1] mapred.Task (Task.java:done(1001)) - Task:attempt_local1259222840_0006_r_000000_0 is done. And is in the process of committing
2018-10-19 21:22:21,070 INFO  [pool-17-thread-1] mapred.LocalJobRunner (LocalJobRunner.java:statusUpdate(591)) - 1 / 1 copied.
2018-10-19 21:22:21,070 INFO  [pool-17-thread-1] mapred.Task (Task.java:commit(1162)) - Task attempt_local1259222840_0006_r_000000_0 is allowed to commit now
2018-10-19 21:22:21,073 INFO  [pool-17-thread-1] output.FileOutputCommitter (FileOutputCommitter.java:commitTask(439)) - Saved output of task 'attempt_local1259222840_0006_r_000000_0' to file:/home/sivakuma/project3/intermediate/i5/_temporary/0/task_local1259222840_0006_r_000000
2018-10-19 21:22:21,073 INFO  [pool-17-thread-1] mapred.LocalJobRunner (LocalJobRunner.java:statusUpdate(591)) - reduce > reduce
2018-10-19 21:22:21,073 INFO  [pool-17-thread-1] mapred.Task (Task.java:sendDone(1121)) - Task 'attempt_local1259222840_0006_r_000000_0' done.
2018-10-19 21:22:21,074 INFO  [pool-17-thread-1] mapred.LocalJobRunner (LocalJobRunner.java:run(325)) - Finishing task: attempt_local1259222840_0006_r_000000_0
2018-10-19 21:22:21,074 INFO  [Thread-119] mapred.LocalJobRunner (LocalJobRunner.java:runTasks(456)) - reduce task executor complete.
2018-10-19 21:22:21,953 INFO  [main] mapreduce.Job (Job.java:monitorAndPrintJob(1366)) - Job job_local1259222840_0006 running in uber mode : false
2018-10-19 21:22:21,953 INFO  [main] mapreduce.Job (Job.java:monitorAndPrintJob(1373)) -  map 100% reduce 100%
2018-10-19 21:22:21,953 INFO  [main] mapreduce.Job (Job.java:monitorAndPrintJob(1384)) - Job job_local1259222840_0006 completed successfully
2018-10-19 21:22:21,956 INFO  [main] mapreduce.Job (Job.java:monitorAndPrintJob(1391)) - Counters: 33
	File System Counters
		FILE: Number of bytes read=102098
		FILE: Number of bytes written=3155673
		FILE: Number of read operations=0
		FILE: Number of large read operations=0
		FILE: Number of write operations=0
	Map-Reduce Framework
		Map input records=0
		Map output records=0
		Map output bytes=0
		Map output materialized bytes=6
		Input split bytes=122
		Combine input records=0
		Combine output records=0
		Reduce input groups=0
		Reduce shuffle bytes=6
		Reduce input records=0
		Reduce output records=0
		Spilled Records=0
		Shuffled Maps =1
		Failed Shuffles=0
		Merged Map outputs=1
		GC time elapsed (ms)=29
		CPU time spent (ms)=0
		Physical memory (bytes) snapshot=0
		Virtual memory (bytes) snapshot=0
		Total committed heap usage (bytes)=1934622720
	Shuffle Errors
		BAD_ID=0
		CONNECTION=0
		IO_ERROR=0
		WRONG_LENGTH=0
		WRONG_MAP=0
		WRONG_REDUCE=0
	File Input Format Counters 
		Bytes Read=79
	File Output Format Counters 
		Bytes Written=79
2018-10-19 21:22:21,976 INFO  [main] jvm.JvmMetrics (JvmMetrics.java:init(71)) - Cannot initialize JVM Metrics with processName=JobTracker, sessionId= - already initialized
2018-10-19 21:22:21,986 WARN  [main] mapreduce.JobSubmitter (JobSubmitter.java:copyAndConfigureFiles(153)) - Hadoop command-line option parsing not performed. Implement the Tool interface and execute your application with ToolRunner to remedy this.
2018-10-19 21:22:22,010 INFO  [main] input.FileInputFormat (FileInputFormat.java:listStatus(281)) - Total input paths to process : 1
2018-10-19 21:22:22,038 INFO  [main] mapreduce.JobSubmitter (JobSubmitter.java:submitJobInternal(494)) - number of splits:1
2018-10-19 21:22:22,047 INFO  [main] mapreduce.JobSubmitter (JobSubmitter.java:printTokens(583)) - Submitting tokens for job: job_local1432174537_0007
2018-10-19 21:22:22,100 INFO  [main] mapreduce.Job (Job.java:submit(1300)) - The url to track the job: http://localhost:8080/
2018-10-19 21:22:22,100 INFO  [main] mapreduce.Job (Job.java:monitorAndPrintJob(1345)) - Running job: job_local1432174537_0007
2018-10-19 21:22:22,100 INFO  [Thread-141] mapred.LocalJobRunner (LocalJobRunner.java:createOutputCommitter(471)) - OutputCommitter set in config null
2018-10-19 21:22:22,102 INFO  [Thread-141] mapred.LocalJobRunner (LocalJobRunner.java:createOutputCommitter(489)) - OutputCommitter is org.apache.hadoop.mapreduce.lib.output.FileOutputCommitter
2018-10-19 21:22:22,106 INFO  [Thread-141] mapred.LocalJobRunner (LocalJobRunner.java:runTasks(448)) - Waiting for map tasks
2018-10-19 21:22:22,106 INFO  [LocalJobRunner Map Task Executor #0] mapred.LocalJobRunner (LocalJobRunner.java:run(224)) - Starting task: attempt_local1432174537_0007_m_000000_0
2018-10-19 21:22:22,107 INFO  [LocalJobRunner Map Task Executor #0] mapred.Task (Task.java:initialize(587)) -  Using ResourceCalculatorProcessTree : [ ]
2018-10-19 21:22:22,107 INFO  [LocalJobRunner Map Task Executor #0] mapred.MapTask (MapTask.java:runNewMapper(753)) - Processing split: file:/home/sivakuma/project3/intermediate/i5/part-r-00000:0+67
2018-10-19 21:22:22,237 INFO  [LocalJobRunner Map Task Executor #0] mapred.MapTask (MapTask.java:setEquator(1202)) - (EQUATOR) 0 kvi 26214396(104857584)
2018-10-19 21:22:22,237 INFO  [LocalJobRunner Map Task Executor #0] mapred.MapTask (MapTask.java:init(995)) - mapreduce.task.io.sort.mb: 100
2018-10-19 21:22:22,237 INFO  [LocalJobRunner Map Task Executor #0] mapred.MapTask (MapTask.java:init(996)) - soft limit at 83886080
2018-10-19 21:22:22,237 INFO  [LocalJobRunner Map Task Executor #0] mapred.MapTask (MapTask.java:init(997)) - bufstart = 0; bufvoid = 104857600
2018-10-19 21:22:22,237 INFO  [LocalJobRunner Map Task Executor #0] mapred.MapTask (MapTask.java:init(998)) - kvstart = 26214396; length = 6553600
2018-10-19 21:22:22,244 INFO  [LocalJobRunner Map Task Executor #0] mapred.MapTask (MapTask.java:createSortingCollector(402)) - Map output collector class = org.apache.hadoop.mapred.MapTask$MapOutputBuffer
2018-10-19 21:22:22,246 INFO  [LocalJobRunner Map Task Executor #0] mapred.LocalJobRunner (LocalJobRunner.java:statusUpdate(591)) - 
2018-10-19 21:22:22,247 INFO  [LocalJobRunner Map Task Executor #0] mapred.MapTask (MapTask.java:flush(1457)) - Starting flush of map output
2018-10-19 21:22:22,248 INFO  [LocalJobRunner Map Task Executor #0] mapred.Task (Task.java:done(1001)) - Task:attempt_local1432174537_0007_m_000000_0 is done. And is in the process of committing
2018-10-19 21:22:22,250 INFO  [LocalJobRunner Map Task Executor #0] mapred.LocalJobRunner (LocalJobRunner.java:statusUpdate(591)) - map
2018-10-19 21:22:22,250 INFO  [LocalJobRunner Map Task Executor #0] mapred.Task (Task.java:sendDone(1121)) - Task 'attempt_local1432174537_0007_m_000000_0' done.
2018-10-19 21:22:22,250 INFO  [LocalJobRunner Map Task Executor #0] mapred.LocalJobRunner (LocalJobRunner.java:run(249)) - Finishing task: attempt_local1432174537_0007_m_000000_0
2018-10-19 21:22:22,250 INFO  [Thread-141] mapred.LocalJobRunner (LocalJobRunner.java:runTasks(456)) - map task executor complete.
2018-10-19 21:22:22,252 INFO  [Thread-141] mapred.LocalJobRunner (LocalJobRunner.java:runTasks(448)) - Waiting for reduce tasks
2018-10-19 21:22:22,258 INFO  [pool-20-thread-1] mapred.LocalJobRunner (LocalJobRunner.java:run(302)) - Starting task: attempt_local1432174537_0007_r_000000_0
2018-10-19 21:22:22,263 INFO  [pool-20-thread-1] mapred.Task (Task.java:initialize(587)) -  Using ResourceCalculatorProcessTree : [ ]
2018-10-19 21:22:22,263 INFO  [pool-20-thread-1] mapred.ReduceTask (ReduceTask.java:run(362)) - Using ShuffleConsumerPlugin: org.apache.hadoop.mapreduce.task.reduce.Shuffle@28b7150d
2018-10-19 21:22:22,267 INFO  [pool-20-thread-1] reduce.MergeManagerImpl (MergeManagerImpl.java:<init>(196)) - MergerManager: memoryLimit=694734016, maxSingleShuffleLimit=173683504, mergeThreshold=458524480, ioSortFactor=10, memToMemMergeOutputsThreshold=10
2018-10-19 21:22:22,267 INFO  [EventFetcher for fetching Map Completion Events] reduce.EventFetcher (EventFetcher.java:run(61)) - attempt_local1432174537_0007_r_000000_0 Thread started: EventFetcher for fetching Map Completion Events
2018-10-19 21:22:22,268 INFO  [localfetcher#6] reduce.LocalFetcher (LocalFetcher.java:copyMapOutput(141)) - localfetcher#6 about to shuffle output of map attempt_local1432174537_0007_m_000000_0 decomp: 2 len: 6 to MEMORY
2018-10-19 21:22:22,268 INFO  [localfetcher#6] reduce.InMemoryMapOutput (InMemoryMapOutput.java:shuffle(100)) - Read 2 bytes from map-output for attempt_local1432174537_0007_m_000000_0
2018-10-19 21:22:22,268 INFO  [localfetcher#6] reduce.MergeManagerImpl (MergeManagerImpl.java:closeInMemoryFile(314)) - closeInMemoryFile -> map-output of size: 2, inMemoryMapOutputs.size() -> 1, commitMemory -> 0, usedMemory ->2
2018-10-19 21:22:22,269 INFO  [EventFetcher for fetching Map Completion Events] reduce.EventFetcher (EventFetcher.java:run(76)) - EventFetcher is interrupted.. Returning
2018-10-19 21:22:22,269 INFO  [pool-20-thread-1] mapred.LocalJobRunner (LocalJobRunner.java:statusUpdate(591)) - 1 / 1 copied.
2018-10-19 21:22:22,269 INFO  [pool-20-thread-1] reduce.MergeManagerImpl (MergeManagerImpl.java:finalMerge(674)) - finalMerge called with 1 in-memory map-outputs and 0 on-disk map-outputs
2018-10-19 21:22:22,270 INFO  [pool-20-thread-1] mapred.Merger (Merger.java:merge(597)) - Merging 1 sorted segments
2018-10-19 21:22:22,270 INFO  [pool-20-thread-1] mapred.Merger (Merger.java:merge(696)) - Down to the last merge-pass, with 0 segments left of total size: 0 bytes
2018-10-19 21:22:22,271 INFO  [pool-20-thread-1] reduce.MergeManagerImpl (MergeManagerImpl.java:finalMerge(751)) - Merged 1 segments, 2 bytes to disk to satisfy reduce memory limit
2018-10-19 21:22:22,271 INFO  [pool-20-thread-1] reduce.MergeManagerImpl (MergeManagerImpl.java:finalMerge(781)) - Merging 1 files, 6 bytes from disk
2018-10-19 21:22:22,271 INFO  [pool-20-thread-1] reduce.MergeManagerImpl (MergeManagerImpl.java:finalMerge(796)) - Merging 0 segments, 0 bytes from memory into reduce
2018-10-19 21:22:22,271 INFO  [pool-20-thread-1] mapred.Merger (Merger.java:merge(597)) - Merging 1 sorted segments
2018-10-19 21:22:22,271 INFO  [pool-20-thread-1] mapred.Merger (Merger.java:merge(696)) - Down to the last merge-pass, with 0 segments left of total size: 0 bytes
2018-10-19 21:22:22,271 INFO  [pool-20-thread-1] mapred.LocalJobRunner (LocalJobRunner.java:statusUpdate(591)) - 1 / 1 copied.
2018-10-19 21:22:22,284 INFO  [pool-20-thread-1] mapred.Task (Task.java:done(1001)) - Task:attempt_local1432174537_0007_r_000000_0 is done. And is in the process of committing
2018-10-19 21:22:22,284 INFO  [pool-20-thread-1] mapred.LocalJobRunner (LocalJobRunner.java:statusUpdate(591)) - 1 / 1 copied.
2018-10-19 21:22:22,284 INFO  [pool-20-thread-1] mapred.Task (Task.java:commit(1162)) - Task attempt_local1432174537_0007_r_000000_0 is allowed to commit now
2018-10-19 21:22:22,285 INFO  [pool-20-thread-1] output.FileOutputCommitter (FileOutputCommitter.java:commitTask(439)) - Saved output of task 'attempt_local1432174537_0007_r_000000_0' to file:/home/sivakuma/project3/intermediate/i6/_temporary/0/task_local1432174537_0007_r_000000
2018-10-19 21:22:22,286 INFO  [pool-20-thread-1] mapred.LocalJobRunner (LocalJobRunner.java:statusUpdate(591)) - reduce > reduce
2018-10-19 21:22:22,286 INFO  [pool-20-thread-1] mapred.Task (Task.java:sendDone(1121)) - Task 'attempt_local1432174537_0007_r_000000_0' done.
2018-10-19 21:22:22,286 INFO  [pool-20-thread-1] mapred.LocalJobRunner (LocalJobRunner.java:run(325)) - Finishing task: attempt_local1432174537_0007_r_000000_0
2018-10-19 21:22:22,286 INFO  [Thread-141] mapred.LocalJobRunner (LocalJobRunner.java:runTasks(456)) - reduce task executor complete.
2018-10-19 21:22:23,100 INFO  [main] mapreduce.Job (Job.java:monitorAndPrintJob(1366)) - Job job_local1432174537_0007 running in uber mode : false
2018-10-19 21:22:23,101 INFO  [main] mapreduce.Job (Job.java:monitorAndPrintJob(1373)) -  map 100% reduce 100%
2018-10-19 21:22:23,101 INFO  [main] mapreduce.Job (Job.java:monitorAndPrintJob(1384)) - Job job_local1432174537_0007 completed successfully
2018-10-19 21:22:23,104 INFO  [main] mapreduce.Job (Job.java:monitorAndPrintJob(1391)) - Counters: 33
	File System Counters
		FILE: Number of bytes read=117986
		FILE: Number of bytes written=3683717
		FILE: Number of read operations=0
		FILE: Number of large read operations=0
		FILE: Number of write operations=0
	Map-Reduce Framework
		Map input records=0
		Map output records=0
		Map output bytes=0
		Map output materialized bytes=6
		Input split bytes=122
		Combine input records=0
		Combine output records=0
		Reduce input groups=0
		Reduce shuffle bytes=6
		Reduce input records=0
		Reduce output records=0
		Spilled Records=0
		Shuffled Maps =1
		Failed Shuffles=0
		Merged Map outputs=1
		GC time elapsed (ms)=101
		CPU time spent (ms)=0
		Physical memory (bytes) snapshot=0
		Virtual memory (bytes) snapshot=0
		Total committed heap usage (bytes)=1984954368
	Shuffle Errors
		BAD_ID=0
		CONNECTION=0
		IO_ERROR=0
		WRONG_LENGTH=0
		WRONG_MAP=0
		WRONG_REDUCE=0
	File Input Format Counters 
		Bytes Read=79
	File Output Format Counters 
		Bytes Written=79
2018-10-19 21:22:23,117 INFO  [main] jvm.JvmMetrics (JvmMetrics.java:init(71)) - Cannot initialize JVM Metrics with processName=JobTracker, sessionId= - already initialized
2018-10-19 21:22:23,127 WARN  [main] mapreduce.JobSubmitter (JobSubmitter.java:copyAndConfigureFiles(153)) - Hadoop command-line option parsing not performed. Implement the Tool interface and execute your application with ToolRunner to remedy this.
2018-10-19 21:22:23,153 INFO  [main] input.FileInputFormat (FileInputFormat.java:listStatus(281)) - Total input paths to process : 1
2018-10-19 21:22:23,163 INFO  [main] mapreduce.JobSubmitter (JobSubmitter.java:submitJobInternal(494)) - number of splits:1
2018-10-19 21:22:23,170 INFO  [main] mapreduce.JobSubmitter (JobSubmitter.java:printTokens(583)) - Submitting tokens for job: job_local1201860226_0008
2018-10-19 21:22:23,280 INFO  [main] mapreduce.Job (Job.java:submit(1300)) - The url to track the job: http://localhost:8080/
2018-10-19 21:22:23,280 INFO  [main] mapreduce.Job (Job.java:monitorAndPrintJob(1345)) - Running job: job_local1201860226_0008
2018-10-19 21:22:23,287 INFO  [Thread-163] mapred.LocalJobRunner (LocalJobRunner.java:createOutputCommitter(471)) - OutputCommitter set in config null
2018-10-19 21:22:23,288 INFO  [Thread-163] mapred.LocalJobRunner (LocalJobRunner.java:createOutputCommitter(489)) - OutputCommitter is org.apache.hadoop.mapreduce.lib.output.FileOutputCommitter
2018-10-19 21:22:23,291 INFO  [Thread-163] mapred.LocalJobRunner (LocalJobRunner.java:runTasks(448)) - Waiting for map tasks
2018-10-19 21:22:23,292 INFO  [LocalJobRunner Map Task Executor #0] mapred.LocalJobRunner (LocalJobRunner.java:run(224)) - Starting task: attempt_local1201860226_0008_m_000000_0
2018-10-19 21:22:23,292 INFO  [LocalJobRunner Map Task Executor #0] mapred.Task (Task.java:initialize(587)) -  Using ResourceCalculatorProcessTree : [ ]
2018-10-19 21:22:23,292 INFO  [LocalJobRunner Map Task Executor #0] mapred.MapTask (MapTask.java:runNewMapper(753)) - Processing split: file:/home/sivakuma/project3/intermediate/i6/part-r-00000:0+67
2018-10-19 21:22:23,325 INFO  [LocalJobRunner Map Task Executor #0] mapred.MapTask (MapTask.java:setEquator(1202)) - (EQUATOR) 0 kvi 26214396(104857584)
2018-10-19 21:22:23,325 INFO  [LocalJobRunner Map Task Executor #0] mapred.MapTask (MapTask.java:init(995)) - mapreduce.task.io.sort.mb: 100
2018-10-19 21:22:23,325 INFO  [LocalJobRunner Map Task Executor #0] mapred.MapTask (MapTask.java:init(996)) - soft limit at 83886080
2018-10-19 21:22:23,325 INFO  [LocalJobRunner Map Task Executor #0] mapred.MapTask (MapTask.java:init(997)) - bufstart = 0; bufvoid = 104857600
2018-10-19 21:22:23,325 INFO  [LocalJobRunner Map Task Executor #0] mapred.MapTask (MapTask.java:init(998)) - kvstart = 26214396; length = 6553600
2018-10-19 21:22:23,326 INFO  [LocalJobRunner Map Task Executor #0] mapred.MapTask (MapTask.java:createSortingCollector(402)) - Map output collector class = org.apache.hadoop.mapred.MapTask$MapOutputBuffer
2018-10-19 21:22:23,328 INFO  [LocalJobRunner Map Task Executor #0] mapred.LocalJobRunner (LocalJobRunner.java:statusUpdate(591)) - 
2018-10-19 21:22:23,328 INFO  [LocalJobRunner Map Task Executor #0] mapred.MapTask (MapTask.java:flush(1457)) - Starting flush of map output
2018-10-19 21:22:23,330 INFO  [LocalJobRunner Map Task Executor #0] mapred.Task (Task.java:done(1001)) - Task:attempt_local1201860226_0008_m_000000_0 is done. And is in the process of committing
2018-10-19 21:22:23,331 INFO  [LocalJobRunner Map Task Executor #0] mapred.LocalJobRunner (LocalJobRunner.java:statusUpdate(591)) - map
2018-10-19 21:22:23,331 INFO  [LocalJobRunner Map Task Executor #0] mapred.Task (Task.java:sendDone(1121)) - Task 'attempt_local1201860226_0008_m_000000_0' done.
2018-10-19 21:22:23,331 INFO  [LocalJobRunner Map Task Executor #0] mapred.LocalJobRunner (LocalJobRunner.java:run(249)) - Finishing task: attempt_local1201860226_0008_m_000000_0
2018-10-19 21:22:23,331 INFO  [Thread-163] mapred.LocalJobRunner (LocalJobRunner.java:runTasks(456)) - map task executor complete.
2018-10-19 21:22:23,332 INFO  [Thread-163] mapred.LocalJobRunner (LocalJobRunner.java:runTasks(448)) - Waiting for reduce tasks
2018-10-19 21:22:23,338 INFO  [pool-23-thread-1] mapred.LocalJobRunner (LocalJobRunner.java:run(302)) - Starting task: attempt_local1201860226_0008_r_000000_0
2018-10-19 21:22:23,341 INFO  [pool-23-thread-1] mapred.Task (Task.java:initialize(587)) -  Using ResourceCalculatorProcessTree : [ ]
2018-10-19 21:22:23,341 INFO  [pool-23-thread-1] mapred.ReduceTask (ReduceTask.java:run(362)) - Using ShuffleConsumerPlugin: org.apache.hadoop.mapreduce.task.reduce.Shuffle@53129703
2018-10-19 21:22:23,345 INFO  [pool-23-thread-1] reduce.MergeManagerImpl (MergeManagerImpl.java:<init>(196)) - MergerManager: memoryLimit=694734016, maxSingleShuffleLimit=173683504, mergeThreshold=458524480, ioSortFactor=10, memToMemMergeOutputsThreshold=10
2018-10-19 21:22:23,346 INFO  [EventFetcher for fetching Map Completion Events] reduce.EventFetcher (EventFetcher.java:run(61)) - attempt_local1201860226_0008_r_000000_0 Thread started: EventFetcher for fetching Map Completion Events
2018-10-19 21:22:23,348 INFO  [localfetcher#7] reduce.LocalFetcher (LocalFetcher.java:copyMapOutput(141)) - localfetcher#7 about to shuffle output of map attempt_local1201860226_0008_m_000000_0 decomp: 2 len: 6 to MEMORY
2018-10-19 21:22:23,348 INFO  [localfetcher#7] reduce.InMemoryMapOutput (InMemoryMapOutput.java:shuffle(100)) - Read 2 bytes from map-output for attempt_local1201860226_0008_m_000000_0
2018-10-19 21:22:23,348 INFO  [localfetcher#7] reduce.MergeManagerImpl (MergeManagerImpl.java:closeInMemoryFile(314)) - closeInMemoryFile -> map-output of size: 2, inMemoryMapOutputs.size() -> 1, commitMemory -> 0, usedMemory ->2
2018-10-19 21:22:23,348 INFO  [EventFetcher for fetching Map Completion Events] reduce.EventFetcher (EventFetcher.java:run(76)) - EventFetcher is interrupted.. Returning
2018-10-19 21:22:23,348 INFO  [pool-23-thread-1] mapred.LocalJobRunner (LocalJobRunner.java:statusUpdate(591)) - 1 / 1 copied.
2018-10-19 21:22:23,348 INFO  [pool-23-thread-1] reduce.MergeManagerImpl (MergeManagerImpl.java:finalMerge(674)) - finalMerge called with 1 in-memory map-outputs and 0 on-disk map-outputs
2018-10-19 21:22:23,349 INFO  [pool-23-thread-1] mapred.Merger (Merger.java:merge(597)) - Merging 1 sorted segments
2018-10-19 21:22:23,349 INFO  [pool-23-thread-1] mapred.Merger (Merger.java:merge(696)) - Down to the last merge-pass, with 0 segments left of total size: 0 bytes
2018-10-19 21:22:23,349 INFO  [pool-23-thread-1] reduce.MergeManagerImpl (MergeManagerImpl.java:finalMerge(751)) - Merged 1 segments, 2 bytes to disk to satisfy reduce memory limit
2018-10-19 21:22:23,350 INFO  [pool-23-thread-1] reduce.MergeManagerImpl (MergeManagerImpl.java:finalMerge(781)) - Merging 1 files, 6 bytes from disk
2018-10-19 21:22:23,350 INFO  [pool-23-thread-1] reduce.MergeManagerImpl (MergeManagerImpl.java:finalMerge(796)) - Merging 0 segments, 0 bytes from memory into reduce
2018-10-19 21:22:23,350 INFO  [pool-23-thread-1] mapred.Merger (Merger.java:merge(597)) - Merging 1 sorted segments
2018-10-19 21:22:23,350 INFO  [pool-23-thread-1] mapred.Merger (Merger.java:merge(696)) - Down to the last merge-pass, with 0 segments left of total size: 0 bytes
2018-10-19 21:22:23,350 INFO  [pool-23-thread-1] mapred.LocalJobRunner (LocalJobRunner.java:statusUpdate(591)) - 1 / 1 copied.
2018-10-19 21:22:23,361 INFO  [pool-23-thread-1] mapred.Task (Task.java:done(1001)) - Task:attempt_local1201860226_0008_r_000000_0 is done. And is in the process of committing
2018-10-19 21:22:23,361 INFO  [pool-23-thread-1] mapred.LocalJobRunner (LocalJobRunner.java:statusUpdate(591)) - 1 / 1 copied.
2018-10-19 21:22:23,361 INFO  [pool-23-thread-1] mapred.Task (Task.java:commit(1162)) - Task attempt_local1201860226_0008_r_000000_0 is allowed to commit now
2018-10-19 21:22:23,363 INFO  [pool-23-thread-1] output.FileOutputCommitter (FileOutputCommitter.java:commitTask(439)) - Saved output of task 'attempt_local1201860226_0008_r_000000_0' to file:/home/sivakuma/project3/intermediate/i7/_temporary/0/task_local1201860226_0008_r_000000
2018-10-19 21:22:23,363 INFO  [pool-23-thread-1] mapred.LocalJobRunner (LocalJobRunner.java:statusUpdate(591)) - reduce > reduce
2018-10-19 21:22:23,363 INFO  [pool-23-thread-1] mapred.Task (Task.java:sendDone(1121)) - Task 'attempt_local1201860226_0008_r_000000_0' done.
2018-10-19 21:22:23,363 INFO  [pool-23-thread-1] mapred.LocalJobRunner (LocalJobRunner.java:run(325)) - Finishing task: attempt_local1201860226_0008_r_000000_0
2018-10-19 21:22:23,363 INFO  [Thread-163] mapred.LocalJobRunner (LocalJobRunner.java:runTasks(456)) - reduce task executor complete.
2018-10-19 21:22:24,281 INFO  [main] mapreduce.Job (Job.java:monitorAndPrintJob(1366)) - Job job_local1201860226_0008 running in uber mode : false
2018-10-19 21:22:24,281 INFO  [main] mapreduce.Job (Job.java:monitorAndPrintJob(1373)) -  map 100% reduce 100%
2018-10-19 21:22:24,281 INFO  [main] mapreduce.Job (Job.java:monitorAndPrintJob(1384)) - Job job_local1201860226_0008 completed successfully
2018-10-19 21:22:24,282 INFO  [main] mapreduce.Job (Job.java:monitorAndPrintJob(1391)) - Counters: 33
	File System Counters
		FILE: Number of bytes read=133874
		FILE: Number of bytes written=4211761
		FILE: Number of read operations=0
		FILE: Number of large read operations=0
		FILE: Number of write operations=0
	Map-Reduce Framework
		Map input records=0
		Map output records=0
		Map output bytes=0
		Map output materialized bytes=6
		Input split bytes=122
		Combine input records=0
		Combine output records=0
		Reduce input groups=0
		Reduce shuffle bytes=6
		Reduce input records=0
		Reduce output records=0
		Spilled Records=0
		Shuffled Maps =1
		Failed Shuffles=0
		Merged Map outputs=1
		GC time elapsed (ms)=0
		CPU time spent (ms)=0
		Physical memory (bytes) snapshot=0
		Virtual memory (bytes) snapshot=0
		Total committed heap usage (bytes)=1984954368
	Shuffle Errors
		BAD_ID=0
		CONNECTION=0
		IO_ERROR=0
		WRONG_LENGTH=0
		WRONG_MAP=0
		WRONG_REDUCE=0
	File Input Format Counters 
		Bytes Read=79
	File Output Format Counters 
		Bytes Written=79
2018-10-19 21:22:24,294 INFO  [main] jvm.JvmMetrics (JvmMetrics.java:init(71)) - Cannot initialize JVM Metrics with processName=JobTracker, sessionId= - already initialized
2018-10-19 21:22:24,303 WARN  [main] mapreduce.JobSubmitter (JobSubmitter.java:copyAndConfigureFiles(153)) - Hadoop command-line option parsing not performed. Implement the Tool interface and execute your application with ToolRunner to remedy this.
2018-10-19 21:22:24,325 INFO  [main] input.FileInputFormat (FileInputFormat.java:listStatus(281)) - Total input paths to process : 1
2018-10-19 21:22:24,340 INFO  [main] mapreduce.JobSubmitter (JobSubmitter.java:submitJobInternal(494)) - number of splits:1
2018-10-19 21:22:24,348 INFO  [main] mapreduce.JobSubmitter (JobSubmitter.java:printTokens(583)) - Submitting tokens for job: job_local570814561_0009
2018-10-19 21:22:24,396 INFO  [main] mapreduce.Job (Job.java:submit(1300)) - The url to track the job: http://localhost:8080/
2018-10-19 21:22:24,396 INFO  [main] mapreduce.Job (Job.java:monitorAndPrintJob(1345)) - Running job: job_local570814561_0009
2018-10-19 21:22:24,396 INFO  [Thread-185] mapred.LocalJobRunner (LocalJobRunner.java:createOutputCommitter(471)) - OutputCommitter set in config null
2018-10-19 21:22:24,397 INFO  [Thread-185] mapred.LocalJobRunner (LocalJobRunner.java:createOutputCommitter(489)) - OutputCommitter is org.apache.hadoop.mapreduce.lib.output.FileOutputCommitter
2018-10-19 21:22:24,401 INFO  [Thread-185] mapred.LocalJobRunner (LocalJobRunner.java:runTasks(448)) - Waiting for map tasks
2018-10-19 21:22:24,401 INFO  [LocalJobRunner Map Task Executor #0] mapred.LocalJobRunner (LocalJobRunner.java:run(224)) - Starting task: attempt_local570814561_0009_m_000000_0
2018-10-19 21:22:24,402 INFO  [LocalJobRunner Map Task Executor #0] mapred.Task (Task.java:initialize(587)) -  Using ResourceCalculatorProcessTree : [ ]
2018-10-19 21:22:24,403 INFO  [LocalJobRunner Map Task Executor #0] mapred.MapTask (MapTask.java:runNewMapper(753)) - Processing split: file:/home/sivakuma/project3/intermediate/i7/part-r-00000:0+67
2018-10-19 21:22:24,416 INFO  [LocalJobRunner Map Task Executor #0] mapred.MapTask (MapTask.java:setEquator(1202)) - (EQUATOR) 0 kvi 26214396(104857584)
2018-10-19 21:22:24,416 INFO  [LocalJobRunner Map Task Executor #0] mapred.MapTask (MapTask.java:init(995)) - mapreduce.task.io.sort.mb: 100
2018-10-19 21:22:24,416 INFO  [LocalJobRunner Map Task Executor #0] mapred.MapTask (MapTask.java:init(996)) - soft limit at 83886080
2018-10-19 21:22:24,416 INFO  [LocalJobRunner Map Task Executor #0] mapred.MapTask (MapTask.java:init(997)) - bufstart = 0; bufvoid = 104857600
2018-10-19 21:22:24,416 INFO  [LocalJobRunner Map Task Executor #0] mapred.MapTask (MapTask.java:init(998)) - kvstart = 26214396; length = 6553600
2018-10-19 21:22:24,416 INFO  [LocalJobRunner Map Task Executor #0] mapred.MapTask (MapTask.java:createSortingCollector(402)) - Map output collector class = org.apache.hadoop.mapred.MapTask$MapOutputBuffer
2018-10-19 21:22:24,418 INFO  [LocalJobRunner Map Task Executor #0] mapred.LocalJobRunner (LocalJobRunner.java:statusUpdate(591)) - 
2018-10-19 21:22:24,418 INFO  [LocalJobRunner Map Task Executor #0] mapred.MapTask (MapTask.java:flush(1457)) - Starting flush of map output
2018-10-19 21:22:24,420 INFO  [LocalJobRunner Map Task Executor #0] mapred.Task (Task.java:done(1001)) - Task:attempt_local570814561_0009_m_000000_0 is done. And is in the process of committing
2018-10-19 21:22:24,421 INFO  [LocalJobRunner Map Task Executor #0] mapred.LocalJobRunner (LocalJobRunner.java:statusUpdate(591)) - map
2018-10-19 21:22:24,422 INFO  [LocalJobRunner Map Task Executor #0] mapred.Task (Task.java:sendDone(1121)) - Task 'attempt_local570814561_0009_m_000000_0' done.
2018-10-19 21:22:24,422 INFO  [LocalJobRunner Map Task Executor #0] mapred.LocalJobRunner (LocalJobRunner.java:run(249)) - Finishing task: attempt_local570814561_0009_m_000000_0
2018-10-19 21:22:24,422 INFO  [Thread-185] mapred.LocalJobRunner (LocalJobRunner.java:runTasks(456)) - map task executor complete.
2018-10-19 21:22:24,423 INFO  [Thread-185] mapred.LocalJobRunner (LocalJobRunner.java:runTasks(448)) - Waiting for reduce tasks
2018-10-19 21:22:24,429 INFO  [pool-26-thread-1] mapred.LocalJobRunner (LocalJobRunner.java:run(302)) - Starting task: attempt_local570814561_0009_r_000000_0
2018-10-19 21:22:24,431 INFO  [pool-26-thread-1] mapred.Task (Task.java:initialize(587)) -  Using ResourceCalculatorProcessTree : [ ]
2018-10-19 21:22:24,431 INFO  [pool-26-thread-1] mapred.ReduceTask (ReduceTask.java:run(362)) - Using ShuffleConsumerPlugin: org.apache.hadoop.mapreduce.task.reduce.Shuffle@6e5b8ca7
2018-10-19 21:22:24,434 INFO  [pool-26-thread-1] reduce.MergeManagerImpl (MergeManagerImpl.java:<init>(196)) - MergerManager: memoryLimit=694367040, maxSingleShuffleLimit=173591760, mergeThreshold=458282272, ioSortFactor=10, memToMemMergeOutputsThreshold=10
2018-10-19 21:22:24,435 INFO  [EventFetcher for fetching Map Completion Events] reduce.EventFetcher (EventFetcher.java:run(61)) - attempt_local570814561_0009_r_000000_0 Thread started: EventFetcher for fetching Map Completion Events
2018-10-19 21:22:24,436 INFO  [localfetcher#8] reduce.LocalFetcher (LocalFetcher.java:copyMapOutput(141)) - localfetcher#8 about to shuffle output of map attempt_local570814561_0009_m_000000_0 decomp: 2 len: 6 to MEMORY
2018-10-19 21:22:24,437 INFO  [localfetcher#8] reduce.InMemoryMapOutput (InMemoryMapOutput.java:shuffle(100)) - Read 2 bytes from map-output for attempt_local570814561_0009_m_000000_0
2018-10-19 21:22:24,437 INFO  [localfetcher#8] reduce.MergeManagerImpl (MergeManagerImpl.java:closeInMemoryFile(314)) - closeInMemoryFile -> map-output of size: 2, inMemoryMapOutputs.size() -> 1, commitMemory -> 0, usedMemory ->2
2018-10-19 21:22:24,437 INFO  [EventFetcher for fetching Map Completion Events] reduce.EventFetcher (EventFetcher.java:run(76)) - EventFetcher is interrupted.. Returning
2018-10-19 21:22:24,437 INFO  [pool-26-thread-1] mapred.LocalJobRunner (LocalJobRunner.java:statusUpdate(591)) - 1 / 1 copied.
2018-10-19 21:22:24,437 INFO  [pool-26-thread-1] reduce.MergeManagerImpl (MergeManagerImpl.java:finalMerge(674)) - finalMerge called with 1 in-memory map-outputs and 0 on-disk map-outputs
2018-10-19 21:22:24,438 INFO  [pool-26-thread-1] mapred.Merger (Merger.java:merge(597)) - Merging 1 sorted segments
2018-10-19 21:22:24,438 INFO  [pool-26-thread-1] mapred.Merger (Merger.java:merge(696)) - Down to the last merge-pass, with 0 segments left of total size: 0 bytes
2018-10-19 21:22:24,439 INFO  [pool-26-thread-1] reduce.MergeManagerImpl (MergeManagerImpl.java:finalMerge(751)) - Merged 1 segments, 2 bytes to disk to satisfy reduce memory limit
2018-10-19 21:22:24,439 INFO  [pool-26-thread-1] reduce.MergeManagerImpl (MergeManagerImpl.java:finalMerge(781)) - Merging 1 files, 6 bytes from disk
2018-10-19 21:22:24,439 INFO  [pool-26-thread-1] reduce.MergeManagerImpl (MergeManagerImpl.java:finalMerge(796)) - Merging 0 segments, 0 bytes from memory into reduce
2018-10-19 21:22:24,439 INFO  [pool-26-thread-1] mapred.Merger (Merger.java:merge(597)) - Merging 1 sorted segments
2018-10-19 21:22:24,439 INFO  [pool-26-thread-1] mapred.Merger (Merger.java:merge(696)) - Down to the last merge-pass, with 0 segments left of total size: 0 bytes
2018-10-19 21:22:24,439 INFO  [pool-26-thread-1] mapred.LocalJobRunner (LocalJobRunner.java:statusUpdate(591)) - 1 / 1 copied.
2018-10-19 21:22:24,450 INFO  [pool-26-thread-1] mapred.Task (Task.java:done(1001)) - Task:attempt_local570814561_0009_r_000000_0 is done. And is in the process of committing
2018-10-19 21:22:24,451 INFO  [pool-26-thread-1] mapred.LocalJobRunner (LocalJobRunner.java:statusUpdate(591)) - 1 / 1 copied.
2018-10-19 21:22:24,451 INFO  [pool-26-thread-1] mapred.Task (Task.java:commit(1162)) - Task attempt_local570814561_0009_r_000000_0 is allowed to commit now
2018-10-19 21:22:24,452 INFO  [pool-26-thread-1] output.FileOutputCommitter (FileOutputCommitter.java:commitTask(439)) - Saved output of task 'attempt_local570814561_0009_r_000000_0' to file:/home/sivakuma/project3/intermediate/i8/_temporary/0/task_local570814561_0009_r_000000
2018-10-19 21:22:24,452 INFO  [pool-26-thread-1] mapred.LocalJobRunner (LocalJobRunner.java:statusUpdate(591)) - reduce > reduce
2018-10-19 21:22:24,452 INFO  [pool-26-thread-1] mapred.Task (Task.java:sendDone(1121)) - Task 'attempt_local570814561_0009_r_000000_0' done.
2018-10-19 21:22:24,452 INFO  [pool-26-thread-1] mapred.LocalJobRunner (LocalJobRunner.java:run(325)) - Finishing task: attempt_local570814561_0009_r_000000_0
2018-10-19 21:22:24,454 INFO  [Thread-185] mapred.LocalJobRunner (LocalJobRunner.java:runTasks(456)) - reduce task executor complete.
2018-10-19 21:22:25,396 INFO  [main] mapreduce.Job (Job.java:monitorAndPrintJob(1366)) - Job job_local570814561_0009 running in uber mode : false
2018-10-19 21:22:25,397 INFO  [main] mapreduce.Job (Job.java:monitorAndPrintJob(1373)) -  map 100% reduce 100%
2018-10-19 21:22:25,397 INFO  [main] mapreduce.Job (Job.java:monitorAndPrintJob(1384)) - Job job_local570814561_0009 completed successfully
2018-10-19 21:22:25,398 INFO  [main] mapreduce.Job (Job.java:monitorAndPrintJob(1391)) - Counters: 33
	File System Counters
		FILE: Number of bytes read=149762
		FILE: Number of bytes written=4737085
		FILE: Number of read operations=0
		FILE: Number of large read operations=0
		FILE: Number of write operations=0
	Map-Reduce Framework
		Map input records=0
		Map output records=0
		Map output bytes=0
		Map output materialized bytes=6
		Input split bytes=122
		Combine input records=0
		Combine output records=0
		Reduce input groups=0
		Reduce shuffle bytes=6
		Reduce input records=0
		Reduce output records=0
		Spilled Records=0
		Shuffled Maps =1
		Failed Shuffles=0
		Merged Map outputs=1
		GC time elapsed (ms)=0
		CPU time spent (ms)=0
		Physical memory (bytes) snapshot=0
		Virtual memory (bytes) snapshot=0
		Total committed heap usage (bytes)=1983905792
	Shuffle Errors
		BAD_ID=0
		CONNECTION=0
		IO_ERROR=0
		WRONG_LENGTH=0
		WRONG_MAP=0
		WRONG_REDUCE=0
	File Input Format Counters 
		Bytes Read=79
	File Output Format Counters 
		Bytes Written=79
2018-10-19 21:22:25,412 INFO  [main] jvm.JvmMetrics (JvmMetrics.java:init(71)) - Cannot initialize JVM Metrics with processName=JobTracker, sessionId= - already initialized
2018-10-19 21:22:25,422 WARN  [main] mapreduce.JobSubmitter (JobSubmitter.java:copyAndConfigureFiles(153)) - Hadoop command-line option parsing not performed. Implement the Tool interface and execute your application with ToolRunner to remedy this.
2018-10-19 21:22:25,446 INFO  [main] input.FileInputFormat (FileInputFormat.java:listStatus(281)) - Total input paths to process : 1
2018-10-19 21:22:25,456 INFO  [main] mapreduce.JobSubmitter (JobSubmitter.java:submitJobInternal(494)) - number of splits:1
2018-10-19 21:22:25,464 INFO  [main] mapreduce.JobSubmitter (JobSubmitter.java:printTokens(583)) - Submitting tokens for job: job_local1355997451_0010
2018-10-19 21:22:25,527 INFO  [main] mapreduce.Job (Job.java:submit(1300)) - The url to track the job: http://localhost:8080/
2018-10-19 21:22:25,527 INFO  [main] mapreduce.Job (Job.java:monitorAndPrintJob(1345)) - Running job: job_local1355997451_0010
2018-10-19 21:22:25,528 INFO  [Thread-207] mapred.LocalJobRunner (LocalJobRunner.java:createOutputCommitter(471)) - OutputCommitter set in config null
2018-10-19 21:22:25,528 INFO  [Thread-207] mapred.LocalJobRunner (LocalJobRunner.java:createOutputCommitter(489)) - OutputCommitter is org.apache.hadoop.mapreduce.lib.output.FileOutputCommitter
2018-10-19 21:22:25,531 INFO  [Thread-207] mapred.LocalJobRunner (LocalJobRunner.java:runTasks(448)) - Waiting for map tasks
2018-10-19 21:22:25,531 INFO  [LocalJobRunner Map Task Executor #0] mapred.LocalJobRunner (LocalJobRunner.java:run(224)) - Starting task: attempt_local1355997451_0010_m_000000_0
2018-10-19 21:22:25,532 INFO  [LocalJobRunner Map Task Executor #0] mapred.Task (Task.java:initialize(587)) -  Using ResourceCalculatorProcessTree : [ ]
2018-10-19 21:22:25,538 INFO  [LocalJobRunner Map Task Executor #0] mapred.MapTask (MapTask.java:runNewMapper(753)) - Processing split: file:/home/sivakuma/project3/intermediate/i8/part-r-00000:0+67
2018-10-19 21:22:25,557 INFO  [LocalJobRunner Map Task Executor #0] mapred.MapTask (MapTask.java:setEquator(1202)) - (EQUATOR) 0 kvi 26214396(104857584)
2018-10-19 21:22:25,557 INFO  [LocalJobRunner Map Task Executor #0] mapred.MapTask (MapTask.java:init(995)) - mapreduce.task.io.sort.mb: 100
2018-10-19 21:22:25,557 INFO  [LocalJobRunner Map Task Executor #0] mapred.MapTask (MapTask.java:init(996)) - soft limit at 83886080
2018-10-19 21:22:25,557 INFO  [LocalJobRunner Map Task Executor #0] mapred.MapTask (MapTask.java:init(997)) - bufstart = 0; bufvoid = 104857600
2018-10-19 21:22:25,557 INFO  [LocalJobRunner Map Task Executor #0] mapred.MapTask (MapTask.java:init(998)) - kvstart = 26214396; length = 6553600
2018-10-19 21:22:25,557 INFO  [LocalJobRunner Map Task Executor #0] mapred.MapTask (MapTask.java:createSortingCollector(402)) - Map output collector class = org.apache.hadoop.mapred.MapTask$MapOutputBuffer
2018-10-19 21:22:25,559 INFO  [LocalJobRunner Map Task Executor #0] mapred.LocalJobRunner (LocalJobRunner.java:statusUpdate(591)) - 
2018-10-19 21:22:25,560 INFO  [LocalJobRunner Map Task Executor #0] mapred.MapTask (MapTask.java:flush(1457)) - Starting flush of map output
2018-10-19 21:22:25,561 INFO  [LocalJobRunner Map Task Executor #0] mapred.Task (Task.java:done(1001)) - Task:attempt_local1355997451_0010_m_000000_0 is done. And is in the process of committing
2018-10-19 21:22:25,568 INFO  [LocalJobRunner Map Task Executor #0] mapred.LocalJobRunner (LocalJobRunner.java:statusUpdate(591)) - map
2018-10-19 21:22:25,568 INFO  [LocalJobRunner Map Task Executor #0] mapred.Task (Task.java:sendDone(1121)) - Task 'attempt_local1355997451_0010_m_000000_0' done.
2018-10-19 21:22:25,568 INFO  [LocalJobRunner Map Task Executor #0] mapred.LocalJobRunner (LocalJobRunner.java:run(249)) - Finishing task: attempt_local1355997451_0010_m_000000_0
2018-10-19 21:22:25,568 INFO  [Thread-207] mapred.LocalJobRunner (LocalJobRunner.java:runTasks(456)) - map task executor complete.
2018-10-19 21:22:25,569 INFO  [Thread-207] mapred.LocalJobRunner (LocalJobRunner.java:runTasks(448)) - Waiting for reduce tasks
2018-10-19 21:22:25,575 INFO  [pool-29-thread-1] mapred.LocalJobRunner (LocalJobRunner.java:run(302)) - Starting task: attempt_local1355997451_0010_r_000000_0
2018-10-19 21:22:25,576 INFO  [pool-29-thread-1] mapred.Task (Task.java:initialize(587)) -  Using ResourceCalculatorProcessTree : [ ]
2018-10-19 21:22:25,576 INFO  [pool-29-thread-1] mapred.ReduceTask (ReduceTask.java:run(362)) - Using ShuffleConsumerPlugin: org.apache.hadoop.mapreduce.task.reduce.Shuffle@3bf0aac
2018-10-19 21:22:25,603 INFO  [pool-29-thread-1] reduce.MergeManagerImpl (MergeManagerImpl.java:<init>(196)) - MergerManager: memoryLimit=724461120, maxSingleShuffleLimit=181115280, mergeThreshold=478144352, ioSortFactor=10, memToMemMergeOutputsThreshold=10
2018-10-19 21:22:25,605 INFO  [EventFetcher for fetching Map Completion Events] reduce.EventFetcher (EventFetcher.java:run(61)) - attempt_local1355997451_0010_r_000000_0 Thread started: EventFetcher for fetching Map Completion Events
2018-10-19 21:22:25,606 INFO  [localfetcher#9] reduce.LocalFetcher (LocalFetcher.java:copyMapOutput(141)) - localfetcher#9 about to shuffle output of map attempt_local1355997451_0010_m_000000_0 decomp: 2 len: 6 to MEMORY
2018-10-19 21:22:25,606 INFO  [localfetcher#9] reduce.InMemoryMapOutput (InMemoryMapOutput.java:shuffle(100)) - Read 2 bytes from map-output for attempt_local1355997451_0010_m_000000_0
2018-10-19 21:22:25,606 INFO  [localfetcher#9] reduce.MergeManagerImpl (MergeManagerImpl.java:closeInMemoryFile(314)) - closeInMemoryFile -> map-output of size: 2, inMemoryMapOutputs.size() -> 1, commitMemory -> 0, usedMemory ->2
2018-10-19 21:22:25,606 INFO  [EventFetcher for fetching Map Completion Events] reduce.EventFetcher (EventFetcher.java:run(76)) - EventFetcher is interrupted.. Returning
2018-10-19 21:22:25,607 INFO  [pool-29-thread-1] mapred.LocalJobRunner (LocalJobRunner.java:statusUpdate(591)) - 1 / 1 copied.
2018-10-19 21:22:25,607 INFO  [pool-29-thread-1] reduce.MergeManagerImpl (MergeManagerImpl.java:finalMerge(674)) - finalMerge called with 1 in-memory map-outputs and 0 on-disk map-outputs
2018-10-19 21:22:25,607 INFO  [pool-29-thread-1] mapred.Merger (Merger.java:merge(597)) - Merging 1 sorted segments
2018-10-19 21:22:25,608 INFO  [pool-29-thread-1] mapred.Merger (Merger.java:merge(696)) - Down to the last merge-pass, with 0 segments left of total size: 0 bytes
2018-10-19 21:22:25,608 INFO  [pool-29-thread-1] reduce.MergeManagerImpl (MergeManagerImpl.java:finalMerge(751)) - Merged 1 segments, 2 bytes to disk to satisfy reduce memory limit
2018-10-19 21:22:25,609 INFO  [pool-29-thread-1] reduce.MergeManagerImpl (MergeManagerImpl.java:finalMerge(781)) - Merging 1 files, 6 bytes from disk
2018-10-19 21:22:25,609 INFO  [pool-29-thread-1] reduce.MergeManagerImpl (MergeManagerImpl.java:finalMerge(796)) - Merging 0 segments, 0 bytes from memory into reduce
2018-10-19 21:22:25,609 INFO  [pool-29-thread-1] mapred.Merger (Merger.java:merge(597)) - Merging 1 sorted segments
2018-10-19 21:22:25,609 INFO  [pool-29-thread-1] mapred.Merger (Merger.java:merge(696)) - Down to the last merge-pass, with 0 segments left of total size: 0 bytes
2018-10-19 21:22:25,609 INFO  [pool-29-thread-1] mapred.LocalJobRunner (LocalJobRunner.java:statusUpdate(591)) - 1 / 1 copied.
2018-10-19 21:22:25,618 INFO  [pool-29-thread-1] mapred.Task (Task.java:done(1001)) - Task:attempt_local1355997451_0010_r_000000_0 is done. And is in the process of committing
2018-10-19 21:22:25,618 INFO  [pool-29-thread-1] mapred.LocalJobRunner (LocalJobRunner.java:statusUpdate(591)) - 1 / 1 copied.
2018-10-19 21:22:25,619 INFO  [pool-29-thread-1] mapred.Task (Task.java:commit(1162)) - Task attempt_local1355997451_0010_r_000000_0 is allowed to commit now
2018-10-19 21:22:25,619 INFO  [pool-29-thread-1] output.FileOutputCommitter (FileOutputCommitter.java:commitTask(439)) - Saved output of task 'attempt_local1355997451_0010_r_000000_0' to file:/home/sivakuma/project3/output/_temporary/0/task_local1355997451_0010_r_000000
2018-10-19 21:22:25,620 INFO  [pool-29-thread-1] mapred.LocalJobRunner (LocalJobRunner.java:statusUpdate(591)) - reduce > reduce
2018-10-19 21:22:25,620 INFO  [pool-29-thread-1] mapred.Task (Task.java:sendDone(1121)) - Task 'attempt_local1355997451_0010_r_000000_0' done.
2018-10-19 21:22:25,620 INFO  [pool-29-thread-1] mapred.LocalJobRunner (LocalJobRunner.java:run(325)) - Finishing task: attempt_local1355997451_0010_r_000000_0
2018-10-19 21:22:25,620 INFO  [Thread-207] mapred.LocalJobRunner (LocalJobRunner.java:runTasks(456)) - reduce task executor complete.
2018-10-19 21:22:26,528 INFO  [main] mapreduce.Job (Job.java:monitorAndPrintJob(1366)) - Job job_local1355997451_0010 running in uber mode : false
2018-10-19 21:22:26,528 INFO  [main] mapreduce.Job (Job.java:monitorAndPrintJob(1373)) -  map 100% reduce 100%
2018-10-19 21:22:26,528 INFO  [main] mapreduce.Job (Job.java:monitorAndPrintJob(1384)) - Job job_local1355997451_0010 completed successfully
2018-10-19 21:22:26,536 INFO  [main] mapreduce.Job (Job.java:monitorAndPrintJob(1391)) - Counters: 33
	File System Counters
		FILE: Number of bytes read=165650
		FILE: Number of bytes written=5265194
		FILE: Number of read operations=0
		FILE: Number of large read operations=0
		FILE: Number of write operations=0
	Map-Reduce Framework
		Map input records=0
		Map output records=0
		Map output bytes=0
		Map output materialized bytes=6
		Input split bytes=122
		Combine input records=0
		Combine output records=0
		Reduce input groups=0
		Reduce shuffle bytes=6
		Reduce input records=0
		Reduce output records=0
		Spilled Records=0
		Shuffled Maps =1
		Failed Shuffles=0
		Merged Map outputs=1
		GC time elapsed (ms)=5
		CPU time spent (ms)=0
		Physical memory (bytes) snapshot=0
		Virtual memory (bytes) snapshot=0
		Total committed heap usage (bytes)=2069889024
	Shuffle Errors
		BAD_ID=0
		CONNECTION=0
		IO_ERROR=0
		WRONG_LENGTH=0
		WRONG_MAP=0
		WRONG_REDUCE=0
	File Input Format Counters 
		Bytes Read=79
	File Output Format Counters 
		Bytes Written=8
